{"logTime": "0212/074703", "correlationVector":"92aG32vInZhVxVAKBKI2zN.35","action":"GetUpdates", "result":"DeleteReceived", "context":{"id":"f934ac91-aa70-4da8-b07f-b11944dfa424", "isDeleted:":"true", "version":"1688485629153"}}
{"logTime": "0212/074703", "correlationVector":"92aG32vInZhVxVAKBKI2zN.36","action":"GetUpdates", "result":"DeleteReceived", "context":{"id":"a319c543-be92-48f3-8e91-2a9bca10f745", "isDeleted:":"true", "version":"1688485629154"}}
{"logTime": "0212/074703", "correlationVector":"92aG32vInZhVxVAKBKI2zN.37","action":"GetUpdates", "result":"DeleteReceived", "context":{"id":"bf6dacbd-c080-470f-8663-6acd80e91ec3", "isDeleted:":"true", "version":"1701443203024"}}
{"logTime": "0212/074703", "correlationVector":"92aG32vInZhVxVAKBKI2zN.38","action":"GetUpdates Response", "result":"SYNCER_OK", "context":Received 88 update(s). cV=92aG32vInZhVxVAKBKI2zN.0;server=GENERAL0100000D;cloudType=Consumer;environment=Prod_SoutheastAsia_000j;migrationStage=NotStarted}
{"logTime": "0212/074703", "correlationVector":"Btt0ErXKWYgfCR6f4t6rXX","action":"Normal GetUpdate request", "result":"", "context":cV=Btt0ErXKWYgfCR6f4t6rXX
Nudged types: Sessions
Refresh requested types: Bookmarks, Preferences, Passwords, Autofill Profiles, Autofill, Autofill Custom Data, Typed URLs, Extensions, Sessions, Extension settings, History Delete Directives, Device Info, User Consents, Send Tab To Self, Web Apps, Collection, Edge E Drop, Edge Hub App Usage, Edge Wallet, Encryption Keys}
{"logTime": "0212/074703", "correlationVector":"Btt0ErXKWYgfCR6f4t6rXX.1","action":"SyncServerConnectionManagerRequest", "result":"SYNC_SERVER_OK", "context":{"environment":"Prod_SoutheastAsia_000j", "migrationStage":"NotStarted", "server":"GENERAL0100000H"}}
{"logTime": "0212/074703", "correlationVector":"Btt0ErXKWYgfCR6f4t6rXX.2","action":"GetUpdates Response", "result":"SYNCER_OK", "context":Received 2 update(s). cV=Btt0ErXKWYgfCR6f4t6rXX.0;server=GENERAL0100000H;cloudType=Consumer;environment=Prod_SoutheastAsia_000j;migrationStage=NotStarted}
{"logTime": "0212/074703", "correlationVector":"i2kO7szSQOCakctMf8mlsN","action":"Commit Request", "result":"", "context":Item count: 3
Contributing types: Sessions}
{"logTime": "0212/074703", "correlationVector":"i2kO7szSQOCakctMf8mlsN.1","action":"SyncServerConnectionManagerRequest", "result":"SYNC_SERVER_OK", "context":{"environment":"Prod_SoutheastAsia_000j", "migrationStage":"NotStarted", "server":"GENERAL01000008"}}
{"logTime": "0212/074703", "correlationVector":"i2kO7szSQOCakctMf8mlsN.2","action":"Commit Response", "result":"SYNCER_OK", "context":Result: SYNCER_OK. cV=i2kO7szSQOCakctMf8mlsN.0;server=GENERAL01000008;cloudType=Consumer;environment=Prod_SoutheastAsia_000j;migrationStage=NotStarted}
{"logTime": "0212/074723", "correlationVector":"N4OT3sJZKS+5cqMscYei5h","action":"SyncServerConnectionManagerRequest", "result":"SYNC_SERVER_OK", "context":{"environment":"", "migrationStage":"", "server":""}}
{"logTime": "0212/074724", "correlationVector":"ohfOiNPK7LAzzG6DDdq56y","action":"Normal GetUpdate request", "result":"", "context":cV=ohfOiNPK7LAzzG6DDdq56y
Nudged types: Sessions}
{"logTime": "0212/074724", "correlationVector":"ohfOiNPK7LAzzG6DDdq56y.1","action":"SyncServerConnectionManagerRequest", "result":"SYNC_SERVER_OK", "context":{"environment":"Prod_SoutheastAsia_000j", "migrationStage":"NotStarted", "server":"GENERAL01000000"}}
{"logTime": "0212/074724", "correlationVector":"ohfOiNPK7LAzzG6DDdq56y.2","action":"GetUpdates Response", "result":"SYNCER_OK", "context":Received 3 update(s). cV=ohfOiNPK7LAzzG6DDdq56y.0;server=GENERAL01000000;cloudType=Consumer;environment=Prod_SoutheastAsia_000j;migrationStage=NotStarted}
{"logTime": "0212/074724", "correlationVector":"Y9vsbApyk7ZWNMrzydUYa0","action":"Commit Request", "result":"", "context":Item count: 2
Contributing types: Sessions}
{"logTime": "0212/074724", "correlationVector":"Y9vsbApyk7ZWNMrzydUYa0.1","action":"SyncServerConnectionManagerRequest", "result":"SYNC_SERVER_OK", "context":{"environment":"Prod_SoutheastAsia_000j", "migrationStage":"NotStarted", "server":"GENERAL0300001Z"}}
{"logTime": "0212/074724", "correlationVector":"Y9vsbApyk7ZWNMrzydUYa0.3","action":"Commit.Sessions", "result":"Success", "context":{"id":"60663c66-2c57-4e0a-b587-ff3b99aef98f", "isDeleted":"true", "size":"0", "version":"1707724012909"}}
{"logTime": "0212/074724", "correlationVector":"Y9vsbApyk7ZWNMrzydUYa0.2","action":"Commit Response", "result":"SYNCER_OK", "context":Result: SYNCER_OK. cV=Y9vsbApyk7ZWNMrzydUYa0.0;server=GENERAL0300001Z;cloudType=Consumer;environment=Prod_SoutheastAsia_000j;migrationStage=NotStarted}
{"logTime": "0212/074724", "correlationVector":"5BenuaxS4AfAwdzd/7UDOr","action":"Normal GetUpdate request", "result":"", "context":cV=5BenuaxS4AfAwdzd/7UDOr
Nudged types: Sessions
Refresh requested types: Bookmarks, Preferences, Passwords, Autofill Profiles, Autofill, Autofill Custom Data, Typed URLs, Extensions, Sessions, Extension settings, History Delete Directives, Device Info, User Consents, Send Tab To Self, Web Apps, Collection, Edge E Drop, Edge Hub App Usage, Edge Wallet, Encryption Keys}
{"logTime": "0212/074724", "correlationVector":"5BenuaxS4AfAwdzd/7UDOr.1","action":"SyncServerConnectionManagerRequest", "result":"SYNC_SERVER_OK", "context":{"environment":"Prod_SoutheastAsia_000j", "migrationStage":"NotStarted", "server":"GENERAL0300000K"}}
{"logTime": "0212/074724", "correlationVector":"5BenuaxS4AfAwdzd/7UDOr.2","action":"GetUpdates", "result":"DeleteReceived", "context":{"id":"60663c66-2c57-4e0a-b587-ff3b99aef98f", "isDeleted:":"true", "version":"1707724044541"}}
{"logTime": "0212/074724", "correlationVector":"5BenuaxS4AfAwdzd/7UDOr.3","action":"GetUpdates Response", "result":"SYNCER_OK", "context":Received 2 update(s). cV=5BenuaxS4AfAwdzd/7UDOr.0;server=GENERAL0300000K;cloudType=Consumer;environment=Prod_SoutheastAsia_000j;migrationStage=NotStarted}
{"logTime": "0212/074809", "correlationVector":"FFym5QI+Q8TAukf00tMpdb","action":"Commit Request", "result":"", "context":Item count: 1
Contributing types: Preferences}
{"logTime": "0212/074809", "correlationVector":"FFym5QI+Q8TAukf00tMpdb.1","action":"SyncServerConnectionManagerRequest", "result":"SYNC_SERVER_OK", "context":{"environment":"Prod_SoutheastAsia_000j", "migrationStage":"NotStarted", "server":"GENERAL0100000Y"}}
{"logTime": "0212/074809", "correlationVector":"FFym5QI+Q8TAukf00tMpdb.2","action":"Commit Response", "result":"SYNCER_OK", "context":Result: SYNCER_OK. cV=FFym5QI+Q8TAukf00tMpdb.0;server=GENERAL0100000Y;cloudType=Consumer;environment=Prod_SoutheastAsia_000j;migrationStage=NotStarted}
{"logTime": "0212/074909", "correlationVector":"27cYcgW99P8oNTBVbmtC1C","action":"Commit Request", "result":"", "context":Item count: 1
Contributing types: Sessions}
{"logTime": "0212/074909", "correlationVector":"27cYcgW99P8oNTBVbmtC1C.1","action":"SyncServerConnectionManagerRequest", "result":"SYNC_SERVER_OK", "context":{"environment":"Prod_SoutheastAsia_000j", "migrationStage":"NotStarted", "server":"GENERAL0300001G"}}
{"logTime": "0212/074909", "correlationVector":"27cYcgW99P8oNTBVbmtC1C.2","action":"Commit Response", "result":"SYNCER_OK", "context":Result: SYNCER_OK. cV=27cYcgW99P8oNTBVbmtC1C.0;server=GENERAL0300001G;cloudType=Consumer;environment=Prod_SoutheastAsia_000j;migrationStage=NotStarted}
{"logTime": "0212/075150", "correlationVector":"sniNGhnf13XS1piCnoFntQ","action":"Normal GetUpdate request", "result":"", "context":cV=sniNGhnf13XS1piCnoFntQ
Refresh requested types: Bookmarks, Preferences, Passwords, Autofill Profiles, Autofill, Autofill Custom Data, Typed URLs, Extensions, Sessions, Extension settings, History Delete Directives, Device Info, User Consents, Send Tab To Self, Web Apps, Collection, Edge E Drop, Edge Hub App Usage, Edge Wallet, Encryption Keys}
{"logTime": "0212/075150", "correlationVector":"sniNGhnf13XS1piCnoFntQ.1","action":"SyncServerConnectionManagerRequest", "result":"SYNC_SERVER_OK", "context":{"environment":"Prod_SoutheastAsia_000j", "migrationStage":"NotStarted", "server":"GENERAL0300002A"}}
{"logTime": "0212/075150", "correlationVector":"sniNGhnf13XS1piCnoFntQ.2","action":"GetUpdates Response", "result":"SYNCER_OK", "context":Received 2 update(s). cV=sniNGhnf13XS1piCnoFntQ.0;server=GENERAL0300002A;cloudType=Consumer;environment=Prod_SoutheastAsia_000j;migrationStage=NotStarted}
{"logTime": "0212/093012", "correlationVector":"iMuzs7oCVBksGxQqLG+a+w.1","action":"SyncServerConnectionManagerRequest", "result":"SYNC_SERVER_OK", "context":{"environment":"Prod_SoutheastAsia_000j", "migrationStage":"NotStarted", "server":"GENERAL01000016"}}
{"logTime": "0212/093012", "correlationVector":"iMuzs7oCVBksGxQqLG+a+w","action":"Initial GetUpdates", "result":"", "context":Reason: NEW_CLIENT. cV=iMuzs7oCVBksGxQqLG+a+w}
{"logTime": "0212/093012", "correlationVector":"iMuzs7oCVBksGxQqLG+a+w.2","action":"GetUpdates Response", "result":"SYNCER_OK", "context":Received 1 update(s). cV=iMuzs7oCVBksGxQqLG+a+w.0;server=GENERAL01000016;cloudType=Consumer;environment=Prod_SoutheastAsia_000j;migrationStage=NotStarted}
{"logTime": "0212/093012", "correlationVector":"h+MPy7Lv9feQUk2ClPfjwU","action":"Initial GetUpdates", "result":"", "context":Reason: NEWLY_SUPPORTED_DATATYPE. cV=h+MPy7Lv9feQUk2ClPfjwU}
{"logTime": "0212/093012", "correlationVector":"h+MPy7Lv9feQUk2ClPfjwU.1","action":"SyncServerConnectionManagerRequest", "result":"SYNC_SERVER_OK", "context":{"environment":"Prod_SoutheastAsia_000j", "migrationStage":"NotStarted", "server":"GENERAL0300001G"}}
{"logTime": "0212/093012", "correlationVector":"h+MPy7Lv9feQUk2ClPfjwU.2","action":"GetUpdates", "result":"DeleteReceived", "context":{"id":"e2174908-bd13-4ed5-bcc6-118c7419a8be", "isDeleted:":"true", "version":"1688485627558"}}
{"logTime": "0212/093012", "correlationVector":"h+MPy7Lv9feQUk2ClPfjwU.3","action":"GetUpdates", "result":"DeleteReceived", "context":{"id":"ed38ed76-3b19-470b-a909-2369b88b4093", "isDeleted:":"true", "version":"1688485627559"}}
{"logTime": "0212/093012", "correlationVector":"h+MPy7Lv9feQUk2ClPfjwU.4","action":"GetUpdates", "result":"DeleteReceived", "context":{"id":"a682d634-7411-4c7d-9f7a-1f43043c36a0", "isDeleted:":"true", "version":"1688485627560"}}
{"logTime": "0212/093012", "correlationVector":"h+MPy7Lv9feQUk2ClPfjwU.5","action":"GetUpdates", "result":"DeleteReceived", "context":{"id":"f8142cda-cae8-45c6-b353-335340379a17", "isDeleted:":"true", "version":"1688485627561"}}
{"logTime": "0212/093012", "correlationVector":"h+MPy7Lv9feQUk2ClPfjwU.6","action":"GetUpdates", "result":"DeleteReceived", "context":{"id":"5c1468de-d478-4869-9e89-da2a809e758a", "isDeleted:":"true", "version":"1688485627562"}}
{"logTime": "0212/093012", "correlationVector":"h+MPy7Lv9feQUk2ClPfjwU.7","action":"GetUpdates", "result":"DeleteReceived", "context":{"id":"3e838877-952c-4499-bb84-b20a79193db5", "isDeleted:":"true", "version":"1688485627563"}}
{"logTime": "0212/093012", "correlationVector":"h+MPy7Lv9feQUk2ClPfjwU.8","action":"GetUpdates", "result":"DeleteReceived", "context":{"id":"1cda9407-608b-40d8-9582-81e44c960f9a", "isDeleted:":"true", "version":"1688485627564"}}
{"logTime": "0212/093012", "correlationVector":"h+MPy7Lv9feQUk2ClPfjwU.9","action":"GetUpdates", "result":"DeleteReceived", "context":{"id":"fe647b48-98d3-4d71-8aa7-eadcfbc35926", "isDeleted:":"true", "version":"1688485627565"}}
{"logTime": "0212/093012", "correlationVector":"h+MPy7Lv9feQUk2ClPfjwU.10","action":"GetUpdates", "result":"DeleteReceived", "context":{"id":"cea93142-0b91-4f48-9925-33539b15d504", "isDeleted:":"true", "version":"1688485627566"}}
{"logTime": "0212/093012", "correlationVector":"h+MPy7Lv9feQUk2ClPfjwU.11","action":"GetUpdates", "result":"DeleteReceived", "context":{"id":"5462169f-295a-497a-9d0d-a7b45fdf8f01", "isDeleted:":"true", "version":"1688485627567"}}
{"logTime": "0212/093012", "correlationVector":"h+MPy7Lv9feQUk2ClPfjwU.12","action":"GetUpdates", "result":"DeleteReceived", "context":{"id":"9fe7aac9-a843-4cbf-b31b-aff1f3554dbb", "isDeleted:":"true", "version":"1688485627568"}}
{"logTime": "0212/093012", "correlationVector":"h+MPy7Lv9feQUk2ClPfjwU.13","action":"GetUpdates", "result":"DeleteReceived", "context":{"id":"871054f3-ca0f-4fc3-82dc-4f07dffb601b", "isDeleted:":"true", "version":"1688485627569"}}
{"logTime": "0212/093012", "correlationVector":"h+MPy7Lv9feQUk2ClPfjwU.14","action":"GetUpdates", "result":"DeleteReceived", "context":{"id":"ac53c856-902d-48f4-963a-f3ea19d0c329", "isDeleted:":"true", "version":"1688485627570"}}
{"logTime": "0212/093012", "correlationVector":"h+MPy7Lv9feQUk2ClPfjwU.15","action":"GetUpdates", "result":"DeleteReceived", "context":{"id":"a491422f-8e8d-4db1-8e0c-00cbe3e31218", "isDeleted:":"true", "version":"1688485627571"}}
{"logTime": "0212/093012", "correlationVector":"h+MPy7Lv9feQUk2ClPfjwU.16","action":"GetUpdates", "result":"DeleteReceived", "context":{"id":"4c296a04-0548-4362-9d10-de2c49f9ef9f", "isDeleted:":"true", "version":"1688485627572"}}
{"logTime": "0212/093012", "correlationVector":"h+MPy7Lv9feQUk2ClPfjwU.17","action":"GetUpdates", "result":"DeleteReceived", "context":{"id":"a90c89a4-2e05-4dfa-917a-763b5248fbc7", "isDeleted:":"true", "version":"1688485629135"}}
{"logTime": "0212/093012", "correlationVector":"h+MPy7Lv9feQUk2ClPfjwU.18","action":"GetUpdates", "result":"DeleteReceived", "context":{"id":"051cd8e7-9ac6-454b-b8b6-356df986399d", "isDeleted:":"true", "version":"1688485629136"}}
{"logTime": "0212/093012", "correlationVector":"h+MPy7Lv9feQUk2ClPfjwU.19","action":"GetUpdates", "result":"DeleteReceived", "context":{"id":"df86f781-ece0-4634-b6d4-d3295c47ed14", "isDeleted:":"true", "version":"1688485629137"}}
{"logTime": "0212/093012", "correlationVector":"h+MPy7Lv9feQUk2ClPfjwU.20","action":"GetUpdates", "result":"DeleteReceived", "context":{"id":"2756f740-9356-47a1-8a57-94b292ced9ec", "isDeleted:":"true", "version":"1688485629138"}}
{"logTime": "0212/093012", "correlationVector":"h+MPy7Lv9feQUk2ClPfjwU.21","action":"GetUpdates", "result":"DeleteReceived", "context":{"id":"88ea292f-900b-4b80-92c8-507e0133ed8c", "isDeleted:":"true", "version":"1688485629139"}}
{"logTime": "0212/093012", "correlationVector":"h+MPy7Lv9feQUk2ClPfjwU.22","action":"GetUpdates", "result":"DeleteReceived", "context":{"id":"82072e67-287c-4e12-b802-c9e39d31e4e0", "isDeleted:":"true", "version":"1688485629140"}}
{"logTime": "0212/093012", "correlationVector":"h+MPy7Lv9feQUk2ClPfjwU.23","action":"GetUpdates", "result":"DeleteReceived", "context":{"id":"085fb87b-f606-40ab-92aa-19228216ded3", "isDeleted:":"true", "version":"1688485629141"}}
{"logTime": "0212/093012", "correlationVector":"h+MPy7Lv9feQUk2ClPfjwU.24","action":"GetUpdates", "result":"DeleteReceived", "context":{"id":"36e97138-d3ce-462e-bba8-c8aaab4b8e6e", "isDeleted:":"true", "version":"1688485629142"}}
{"logTime": "0212/093012", "correlationVector":"h+MPy7Lv9feQUk2ClPfjwU.25","action":"GetUpdates", "result":"DeleteReceived", "context":{"id":"837fd178-a596-4100-a0e0-58a992001422", "isDeleted:":"true", "version":"1688485629143"}}
{"logTime": "0212/093012", "correlationVector":"h+MPy7Lv9feQUk2ClPfjwU.26","action":"GetUpdates", "result":"DeleteReceived", "context":{"id":"ba363551-d325-4de3-908e-ada9705cf8b7", "isDeleted:":"true", "version":"1688485629144"}}
{"logTime": "0212/093012", "correlationVector":"h+MPy7Lv9feQUk2ClPfjwU.27","action":"GetUpdates", "result":"DeleteReceived", "context":{"id":"2cc9e1c9-89e7-4f23-9375-129ad9774067", "isDeleted:":"true", "version":"1688485629145"}}
{"logTime": "0212/093012", "correlationVector":"h+MPy7Lv9feQUk2ClPfjwU.28","action":"GetUpdates", "result":"DeleteReceived", "context":{"id":"d7e855d1-a5a1-416d-93a7-129f7efe965a", "isDeleted:":"true", "version":"1688485629146"}}
{"logTime": "0212/093012", "correlationVector":"h+MPy7Lv9feQUk2ClPfjwU.29","action":"GetUpdates", "result":"DeleteReceived", "context":{"id":"383a9f1d-06d9-4226-8f83-b84ea3fcef9f", "isDeleted:":"true", "version":"1688485629147"}}
{"logTime": "0212/093012", "correlationVector":"h+MPy7Lv9feQUk2ClPfjwU.30","action":"GetUpdates", "result":"DeleteReceived", "context":{"id":"c6ec9191-2eb1-4847-a07b-8474a2ba8938", "isDeleted:":"true", "version":"1688485629148"}}
{"logTime": "0212/093012", "correlationVector":"h+MPy7Lv9feQUk2ClPfjwU.31","action":"GetUpdates", "result":"DeleteReceived", "context":{"id":"d768ae3e-1115-4bd3-8fc8-36ed0c6cb146", "isDeleted:":"true", "version":"1688485629149"}}
{"logTime": "0212/093012", "correlationVector":"h+MPy7Lv9feQUk2ClPfjwU.32","action":"GetUpdates", "result":"DeleteReceived", "context":{"id":"532d0191-97ad-4040-87c0-54e9fdb8d14c", "isDeleted:":"true", "version":"1688485629150"}}
{"logTime": "0212/093012", "correlationVector":"h+MPy7Lv9feQUk2ClPfjwU.33","action":"GetUpdates", "result":"DeleteReceived", "context":{"id":"bacbae30-83cb-4ec0-815e-ae815e8c1971", "isDeleted:":"true", "version":"1688485629151"}}
{"logTime": "0212/093012", "correlationVector":"h+MPy7Lv9feQUk2ClPfjwU.34","action":"GetUpdates", "result":"DeleteReceived", "context":{"id":"7249b904-155c-4eaf-b149-1655a7d2b483", "isDeleted:":"true", "version":"1688485629152"}}
{"logTime": "0212/093012", "correlationVector":"h+MPy7Lv9feQUk2ClPfjwU.35","action":"GetUpdates", "result":"DeleteReceived", "context":{"id":"f934ac91-aa70-4da8-b07f-b11944dfa424", "isDeleted:":"true", "version":"1688485629153"}}
{"logTime": "0212/093012", "correlationVector":"h+MPy7Lv9feQUk2ClPfjwU.36","action":"GetUpdates", "result":"DeleteReceived", "context":{"id":"a319c543-be92-48f3-8e91-2a9bca10f745", "isDeleted:":"true", "version":"1688485629154"}}
{"logTime": "0212/093012", "correlationVector":"h+MPy7Lv9feQUk2ClPfjwU.37","action":"GetUpdates", "result":"DeleteReceived", "context":{"id":"bf6dacbd-c080-470f-8663-6acd80e91ec3", "isDeleted:":"true", "version":"1701443203024"}}
{"logTime": "0212/093012", "correlationVector":"h+MPy7Lv9feQUk2ClPfjwU.38","action":"GetUpdates Response", "result":"SYNCER_OK", "context":Received 88 update(s). cV=h+MPy7Lv9feQUk2ClPfjwU.0;server=GENERAL0300001G;cloudType=Consumer;environment=Prod_SoutheastAsia_000j;migrationStage=NotStarted}
{"logTime": "0212/093012", "correlationVector":"MYqLBWJ3NYL3nNDJL5IFqt","action":"Normal GetUpdate request", "result":"", "context":cV=MYqLBWJ3NYL3nNDJL5IFqt
Nudged types: Sessions
Refresh requested types: Bookmarks, Preferences, Passwords, Autofill Profiles, Autofill, Autofill Custom Data, Typed URLs, Extensions, Sessions, Extension settings, History Delete Directives, Device Info, User Consents, Send Tab To Self, Web Apps, Collection, Edge E Drop, Edge Hub App Usage, Edge Wallet, Encryption Keys}
{"logTime": "0212/093012", "correlationVector":"MYqLBWJ3NYL3nNDJL5IFqt.1","action":"SyncServerConnectionManagerRequest", "result":"SYNC_SERVER_OK", "context":{"environment":"Prod_SoutheastAsia_000j", "migrationStage":"NotStarted", "server":"GENERAL03000014"}}
{"logTime": "0212/093012", "correlationVector":"MYqLBWJ3NYL3nNDJL5IFqt.2","action":"GetUpdates Response", "result":"SYNCER_OK", "context":Received 0 update(s). cV=MYqLBWJ3NYL3nNDJL5IFqt.0;server=GENERAL03000014;cloudType=Consumer;environment=Prod_SoutheastAsia_000j;migrationStage=NotStarted}
{"logTime": "0212/093012", "correlationVector":"cOrjPpLHfulzM1hXR3JEyZ","action":"Commit Request", "result":"", "context":Item count: 3
Contributing types: Sessions}
{"logTime": "0212/093012", "correlationVector":"cOrjPpLHfulzM1hXR3JEyZ.1","action":"SyncServerConnectionManagerRequest", "result":"SYNC_SERVER_OK", "context":{"environment":"Prod_SoutheastAsia_000j", "migrationStage":"NotStarted", "server":"GENERAL01000010"}}
{"logTime": "0212/093012", "correlationVector":"cOrjPpLHfulzM1hXR3JEyZ.3","action":"Commit.Sessions", "result":"Success", "context":{"id":"8b53b487-d515-46f2-a95f-212948cb3c6f", "isDeleted":"true", "size":"0", "version":"1707724151666"}}
{"logTime": "0212/093012", "correlationVector":"cOrjPpLHfulzM1hXR3JEyZ.2","action":"Commit Response", "result":"SYNCER_OK", "context":Result: SYNCER_OK. cV=cOrjPpLHfulzM1hXR3JEyZ.0;server=GENERAL01000010;cloudType=Consumer;environment=Prod_SoutheastAsia_000j;migrationStage=NotStarted}
{"logTime": "0212/093027", "correlationVector":"zTaMAFJpkJOj4uNwqECAhn","action":"SyncServerConnectionManagerRequest", "result":"SYNC_SERVER_OK", "context":{"environment":"", "migrationStage":"", "server":""}}
{"logTime": "0212/093027", "correlationVector":"POVOnWSTjwSujclNqsy9IR","action":"Normal GetUpdate request", "result":"", "context":cV=POVOnWSTjwSujclNqsy9IR
Nudged types: Sessions}
{"logTime": "0212/093027", "correlationVector":"POVOnWSTjwSujclNqsy9IR.1","action":"SyncServerConnectionManagerRequest", "result":"SYNC_SERVER_OK", "context":{"environment":"Prod_SoutheastAsia_000j", "migrationStage":"NotStarted", "server":"GENERAL0300001I"}}
{"logTime": "0212/093027", "correlationVector":"POVOnWSTjwSujclNqsy9IR.2","action":"GetUpdates", "result":"DeleteReceived", "context":{"id":"8b53b487-d515-46f2-a95f-212948cb3c6f", "isDeleted:":"true", "version":"1707730196961"}}
{"logTime": "0212/093027", "correlationVector":"POVOnWSTjwSujclNqsy9IR.3","action":"GetUpdates Response", "result":"SYNCER_OK", "context":Received 3 update(s). cV=POVOnWSTjwSujclNqsy9IR.0;server=GENERAL0300001I;cloudType=Consumer;environment=Prod_SoutheastAsia_000j;migrationStage=NotStarted}
{"logTime": "0212/093027", "correlationVector":"YbfSfZGIczU0ZmG9NOqpV3","action":"Normal GetUpdate request", "result":"", "context":cV=YbfSfZGIczU0ZmG9NOqpV3
Refresh requested types: Bookmarks, Preferences, Passwords, Autofill Profiles, Autofill, Autofill Custom Data, Typed URLs, Extensions, Sessions, Extension settings, History Delete Directives, Device Info, User Consents, Send Tab To Self, Web Apps, Collection, Edge E Drop, Edge Hub App Usage, Edge Wallet, Encryption Keys}
{"logTime": "0212/093027", "correlationVector":"YbfSfZGIczU0ZmG9NOqpV3.1","action":"SyncServerConnectionManagerRequest", "result":"SYNC_SERVER_OK", "context":{"environment":"Prod_SoutheastAsia_000j", "migrationStage":"NotStarted", "server":"GENERAL03000020"}}
{"logTime": "0212/093027", "correlationVector":"YbfSfZGIczU0ZmG9NOqpV3.2","action":"GetUpdates Response", "result":"SYNCER_OK", "context":Received 0 update(s). cV=YbfSfZGIczU0ZmG9NOqpV3.0;server=GENERAL03000020;cloudType=Consumer;environment=Prod_SoutheastAsia_000j;migrationStage=NotStarted}
{"logTime": "0212/093057", "correlationVector":"32saZ0CVVE1H7alCVw7dMg","action":"Commit Request", "result":"", "context":Item count: 1
Contributing types: Sessions}
{"logTime": "0212/093057", "correlationVector":"32saZ0CVVE1H7alCVw7dMg.1","action":"SyncServerConnectionManagerRequest", "result":"SYNC_SERVER_OK", "context":{"environment":"Prod_SoutheastAsia_000j", "migrationStage":"NotStarted", "server":"GENERAL03000009"}}
{"logTime": "0212/093057", "correlationVector":"32saZ0CVVE1H7alCVw7dMg.2","action":"Commit Response", "result":"SYNCER_OK", "context":Result: SYNCER_OK. cV=32saZ0CVVE1H7alCVw7dMg.0;server=GENERAL03000009;cloudType=Consumer;environment=Prod_SoutheastAsia_000j;migrationStage=NotStarted}
{"logTime": "0212/093115", "correlationVector":"gl1a/Xnc7ixBR6uCKqsa2+","action":"Commit Request", "result":"", "context":Item count: 1
Contributing types: Preferences}
{"logTime": "0212/093115", "correlationVector":"gl1a/Xnc7ixBR6uCKqsa2+.1","action":"SyncServerConnectionManagerRequest", "result":"SYNC_SERVER_OK", "context":{"environment":"Prod_SoutheastAsia_000j", "migrationStage":"NotStarted", "server":"GENERAL0300000U"}}
{"logTime": "0212/093115", "correlationVector":"gl1a/Xnc7ixBR6uCKqsa2+.2","action":"Commit Response", "result":"SYNCER_OK", "context":Result: SYNCER_OK. cV=gl1a/Xnc7ixBR6uCKqsa2+.0;server=GENERAL0300000U;cloudType=Consumer;environment=Prod_SoutheastAsia_000j;migrationStage=NotStarted}
{"logTime": "0212/093233", "correlationVector":"JEbzMDEAMg47GNZY5L4mWz","action":"Commit Request", "result":"", "context":Item count: 1
Contributing types: Sessions}
{"logTime": "0212/093234", "correlationVector":"JEbzMDEAMg47GNZY5L4mWz.1","action":"SyncServerConnectionManagerRequest", "result":"SYNC_SERVER_OK", "context":{"environment":"Prod_EastAsia_000d", "migrationStage":"NotStarted", "server":"GENERAL0100000D"}}
{"logTime": "0212/093234", "correlationVector":"JEbzMDEAMg47GNZY5L4mWz.2","action":"Commit Response", "result":"SYNCER_OK", "context":Result: SYNCER_OK. cV=JEbzMDEAMg47GNZY5L4mWz.0;server=GENERAL0100000D;cloudType=Consumer;environment=Prod_EastAsia_000d;migrationStage=NotStarted}
{"logTime": "0212/093453", "correlationVector":"McFFA1RIBTQ4g18aiOBIn5","action":"Normal GetUpdate request", "result":"", "context":cV=McFFA1RIBTQ4g18aiOBIn5
Refresh requested types: Bookmarks, Preferences, Passwords, Autofill Profiles, Autofill, Autofill Custom Data, Typed URLs, Extensions, Sessions, Extension settings, History Delete Directives, Device Info, User Consents, Send Tab To Self, Web Apps, Collection, Edge E Drop, Edge Hub App Usage, Edge Wallet, Encryption Keys}
{"logTime": "0212/093454", "correlationVector":"McFFA1RIBTQ4g18aiOBIn5.1","action":"SyncServerConnectionManagerRequest", "result":"SYNC_SERVER_OK", "context":{"environment":"Prod_SoutheastAsia_000j", "migrationStage":"NotStarted", "server":"GENERAL01000016"}}
{"logTime": "0212/093454", "correlationVector":"McFFA1RIBTQ4g18aiOBIn5.2","action":"GetUpdates Response", "result":"SYNCER_OK", "context":Received 2 update(s). cV=McFFA1RIBTQ4g18aiOBIn5.0;server=GENERAL01000016;cloudType=Consumer;environment=Prod_SoutheastAsia_000j;migrationStage=NotStarted}
{"logTime": "0212/095904", "correlationVector":"W7Z5WdnGq0RHua3eYslxDW.1","action":"SyncServerConnectionManagerRequest", "result":"SYNC_SERVER_OK", "context":{"environment":"Prod_SoutheastAsia_000j", "migrationStage":"NotStarted", "server":"GENERAL01000008"}}
{"logTime": "0212/095904", "correlationVector":"W7Z5WdnGq0RHua3eYslxDW","action":"Initial GetUpdates", "result":"", "context":Reason: NEW_CLIENT. cV=W7Z5WdnGq0RHua3eYslxDW}
{"logTime": "0212/095904", "correlationVector":"W7Z5WdnGq0RHua3eYslxDW.2","action":"GetUpdates Response", "result":"SYNCER_OK", "context":Received 1 update(s). cV=W7Z5WdnGq0RHua3eYslxDW.0;server=GENERAL01000008;cloudType=Consumer;environment=Prod_SoutheastAsia_000j;migrationStage=NotStarted}
{"logTime": "0212/095904", "correlationVector":"BjS0+DLs9LXRKvNHtMzYEQ","action":"SyncServerConnectionManagerRequest", "result":"SYNC_SERVER_OK", "context":{"environment":"", "migrationStage":"", "server":""}}
{"logTime": "0212/095904", "correlationVector":"dZVFd6E+8aC1PcBdKhNHZc","action":"Initial GetUpdates", "result":"", "context":Reason: NEWLY_SUPPORTED_DATATYPE. cV=dZVFd6E+8aC1PcBdKhNHZc}
{"logTime": "0212/095904", "correlationVector":"dZVFd6E+8aC1PcBdKhNHZc.1","action":"SyncServerConnectionManagerRequest", "result":"SYNC_SERVER_OK", "context":{"environment":"Prod_SoutheastAsia_000j", "migrationStage":"NotStarted", "server":"GENERAL01000005"}}
{"logTime": "0212/095904", "correlationVector":"dZVFd6E+8aC1PcBdKhNHZc.2","action":"GetUpdates", "result":"DeleteReceived", "context":{"id":"e2174908-bd13-4ed5-bcc6-118c7419a8be", "isDeleted:":"true", "version":"1688485627558"}}
{"logTime": "0212/095904", "correlationVector":"dZVFd6E+8aC1PcBdKhNHZc.3","action":"GetUpdates", "result":"DeleteReceived", "context":{"id":"ed38ed76-3b19-470b-a909-2369b88b4093", "isDeleted:":"true", "version":"1688485627559"}}
{"logTime": "0212/095904", "correlationVector":"dZVFd6E+8aC1PcBdKhNHZc.4","action":"GetUpdates", "result":"DeleteReceived", "context":{"id":"a682d634-7411-4c7d-9f7a-1f43043c36a0", "isDeleted:":"true", "version":"1688485627560"}}
{"logTime": "0212/095904", "correlationVector":"dZVFd6E+8aC1PcBdKhNHZc.5","action":"GetUpdates", "result":"DeleteReceived", "context":{"id":"f8142cda-cae8-45c6-b353-335340379a17", "isDeleted:":"true", "version":"1688485627561"}}
{"logTime": "0212/095904", "correlationVector":"dZVFd6E+8aC1PcBdKhNHZc.6","action":"GetUpdates", "result":"DeleteReceived", "context":{"id":"5c1468de-d478-4869-9e89-da2a809e758a", "isDeleted:":"true", "version":"1688485627562"}}
{"logTime": "0212/095904", "correlationVector":"dZVFd6E+8aC1PcBdKhNHZc.7","action":"GetUpdates", "result":"DeleteReceived", "context":{"id":"3e838877-952c-4499-bb84-b20a79193db5", "isDeleted:":"true", "version":"1688485627563"}}
{"logTime": "0212/095904", "correlationVector":"dZVFd6E+8aC1PcBdKhNHZc.8","action":"GetUpdates", "result":"DeleteReceived", "context":{"id":"1cda9407-608b-40d8-9582-81e44c960f9a", "isDeleted:":"true", "version":"1688485627564"}}
{"logTime": "0212/095904", "correlationVector":"dZVFd6E+8aC1PcBdKhNHZc.9","action":"GetUpdates", "result":"DeleteReceived", "context":{"id":"fe647b48-98d3-4d71-8aa7-eadcfbc35926", "isDeleted:":"true", "version":"1688485627565"}}
{"logTime": "0212/095904", "correlationVector":"dZVFd6E+8aC1PcBdKhNHZc.10","action":"GetUpdates", "result":"DeleteReceived", "context":{"id":"cea93142-0b91-4f48-9925-33539b15d504", "isDeleted:":"true", "version":"1688485627566"}}
{"logTime": "0212/095904", "correlationVector":"dZVFd6E+8aC1PcBdKhNHZc.11","action":"GetUpdates", "result":"DeleteReceived", "context":{"id":"5462169f-295a-497a-9d0d-a7b45fdf8f01", "isDeleted:":"true", "version":"1688485627567"}}
{"logTime": "0212/095904", "correlationVector":"dZVFd6E+8aC1PcBdKhNHZc.12","action":"GetUpdates", "result":"DeleteReceived", "context":{"id":"9fe7aac9-a843-4cbf-b31b-aff1f3554dbb", "isDeleted:":"true", "version":"1688485627568"}}
{"logTime": "0212/095904", "correlationVector":"dZVFd6E+8aC1PcBdKhNHZc.13","action":"GetUpdates", "result":"DeleteReceived", "context":{"id":"871054f3-ca0f-4fc3-82dc-4f07dffb601b", "isDeleted:":"true", "version":"1688485627569"}}
{"logTime": "0212/095904", "correlationVector":"dZVFd6E+8aC1PcBdKhNHZc.14","action":"GetUpdates", "result":"DeleteReceived", "context":{"id":"ac53c856-902d-48f4-963a-f3ea19d0c329", "isDeleted:":"true", "version":"1688485627570"}}
{"logTime": "0212/095904", "correlationVector":"dZVFd6E+8aC1PcBdKhNHZc.15","action":"GetUpdates", "result":"DeleteReceived", "context":{"id":"a491422f-8e8d-4db1-8e0c-00cbe3e31218", "isDeleted:":"true", "version":"1688485627571"}}
{"logTime": "0212/095904", "correlationVector":"dZVFd6E+8aC1PcBdKhNHZc.16","action":"GetUpdates", "result":"DeleteReceived", "context":{"id":"4c296a04-0548-4362-9d10-de2c49f9ef9f", "isDeleted:":"true", "version":"1688485627572"}}
{"logTime": "0212/095904", "correlationVector":"dZVFd6E+8aC1PcBdKhNHZc.17","action":"GetUpdates", "result":"DeleteReceived", "context":{"id":"a90c89a4-2e05-4dfa-917a-763b5248fbc7", "isDeleted:":"true", "version":"1688485629135"}}
{"logTime": "0212/095904", "correlationVector":"dZVFd6E+8aC1PcBdKhNHZc.18","action":"GetUpdates", "result":"DeleteReceived", "context":{"id":"051cd8e7-9ac6-454b-b8b6-356df986399d", "isDeleted:":"true", "version":"1688485629136"}}
{"logTime": "0212/095904", "correlationVector":"dZVFd6E+8aC1PcBdKhNHZc.19","action":"GetUpdates", "result":"DeleteReceived", "context":{"id":"df86f781-ece0-4634-b6d4-d3295c47ed14", "isDeleted:":"true", "version":"1688485629137"}}
{"logTime": "0212/095904", "correlationVector":"dZVFd6E+8aC1PcBdKhNHZc.20","action":"GetUpdates", "result":"DeleteReceived", "context":{"id":"2756f740-9356-47a1-8a57-94b292ced9ec", "isDeleted:":"true", "version":"1688485629138"}}
{"logTime": "0212/095904", "correlationVector":"dZVFd6E+8aC1PcBdKhNHZc.21","action":"GetUpdates", "result":"DeleteReceived", "context":{"id":"88ea292f-900b-4b80-92c8-507e0133ed8c", "isDeleted:":"true", "version":"1688485629139"}}
{"logTime": "0212/095904", "correlationVector":"dZVFd6E+8aC1PcBdKhNHZc.22","action":"GetUpdates", "result":"DeleteReceived", "context":{"id":"82072e67-287c-4e12-b802-c9e39d31e4e0", "isDeleted:":"true", "version":"1688485629140"}}
{"logTime": "0212/095904", "correlationVector":"dZVFd6E+8aC1PcBdKhNHZc.23","action":"GetUpdates", "result":"DeleteReceived", "context":{"id":"085fb87b-f606-40ab-92aa-19228216ded3", "isDeleted:":"true", "version":"1688485629141"}}
{"logTime": "0212/095904", "correlationVector":"dZVFd6E+8aC1PcBdKhNHZc.24","action":"GetUpdates", "result":"DeleteReceived", "context":{"id":"36e97138-d3ce-462e-bba8-c8aaab4b8e6e", "isDeleted:":"true", "version":"1688485629142"}}
{"logTime": "0212/095904", "correlationVector":"dZVFd6E+8aC1PcBdKhNHZc.25","action":"GetUpdates", "result":"DeleteReceived", "context":{"id":"837fd178-a596-4100-a0e0-58a992001422", "isDeleted:":"true", "version":"1688485629143"}}
{"logTime": "0212/095904", "correlationVector":"dZVFd6E+8aC1PcBdKhNHZc.26","action":"GetUpdates", "result":"DeleteReceived", "context":{"id":"ba363551-d325-4de3-908e-ada9705cf8b7", "isDeleted:":"true", "version":"1688485629144"}}
{"logTime": "0212/095904", "correlationVector":"dZVFd6E+8aC1PcBdKhNHZc.27","action":"GetUpdates", "result":"DeleteReceived", "context":{"id":"2cc9e1c9-89e7-4f23-9375-129ad9774067", "isDeleted:":"true", "version":"1688485629145"}}
{"logTime": "0212/095904", "correlationVector":"dZVFd6E+8aC1PcBdKhNHZc.28","action":"GetUpdates", "result":"DeleteReceived", "context":{"id":"d7e855d1-a5a1-416d-93a7-129f7efe965a", "isDeleted:":"true", "version":"1688485629146"}}
{"logTime": "0212/095904", "correlationVector":"dZVFd6E+8aC1PcBdKhNHZc.29","action":"GetUpdates", "result":"DeleteReceived", "context":{"id":"383a9f1d-06d9-4226-8f83-b84ea3fcef9f", "isDeleted:":"true", "version":"1688485629147"}}
{"logTime": "0212/095904", "correlationVector":"dZVFd6E+8aC1PcBdKhNHZc.30","action":"GetUpdates", "result":"DeleteReceived", "context":{"id":"c6ec9191-2eb1-4847-a07b-8474a2ba8938", "isDeleted:":"true", "version":"1688485629148"}}
{"logTime": "0212/095904", "correlationVector":"dZVFd6E+8aC1PcBdKhNHZc.31","action":"GetUpdates", "result":"DeleteReceived", "context":{"id":"d768ae3e-1115-4bd3-8fc8-36ed0c6cb146", "isDeleted:":"true", "version":"1688485629149"}}
{"logTime": "0212/095904", "correlationVector":"dZVFd6E+8aC1PcBdKhNHZc.32","action":"GetUpdates", "result":"DeleteReceived", "context":{"id":"532d0191-97ad-4040-87c0-54e9fdb8d14c", "isDeleted:":"true", "version":"1688485629150"}}
{"logTime": "0212/095904", "correlationVector":"dZVFd6E+8aC1PcBdKhNHZc.33","action":"GetUpdates", "result":"DeleteReceived", "context":{"id":"bacbae30-83cb-4ec0-815e-ae815e8c1971", "isDeleted:":"true", "version":"1688485629151"}}
{"logTime": "0212/095904", "correlationVector":"dZVFd6E+8aC1PcBdKhNHZc.34","action":"GetUpdates", "result":"DeleteReceived", "context":{"id":"7249b904-155c-4eaf-b149-1655a7d2b483", "isDeleted:":"true", "version":"1688485629152"}}
{"logTime": "0212/095904", "correlationVector":"dZVFd6E+8aC1PcBdKhNHZc.35","action":"GetUpdates", "result":"DeleteReceived", "context":{"id":"f934ac91-aa70-4da8-b07f-b11944dfa424", "isDeleted:":"true", "version":"1688485629153"}}
{"logTime": "0212/095904", "correlationVector":"dZVFd6E+8aC1PcBdKhNHZc.36","action":"GetUpdates", "result":"DeleteReceived", "context":{"id":"a319c543-be92-48f3-8e91-2a9bca10f745", "isDeleted:":"true", "version":"1688485629154"}}
{"logTime": "0212/095904", "correlationVector":"dZVFd6E+8aC1PcBdKhNHZc.37","action":"GetUpdates", "result":"DeleteReceived", "context":{"id":"bf6dacbd-c080-470f-8663-6acd80e91ec3", "isDeleted:":"true", "version":"1701443203024"}}
{"logTime": "0212/095904", "correlationVector":"dZVFd6E+8aC1PcBdKhNHZc.38","action":"GetUpdates Response", "result":"SYNCER_OK", "context":Received 88 update(s). cV=dZVFd6E+8aC1PcBdKhNHZc.0;server=GENERAL01000005;cloudType=Consumer;environment=Prod_SoutheastAsia_000j;migrationStage=NotStarted}
{"logTime": "0212/095904", "correlationVector":"XgyByB3SNh2LVPUDltghtd","action":"Normal GetUpdate request", "result":"", "context":cV=XgyByB3SNh2LVPUDltghtd
Nudged types: Sessions
Refresh requested types: Bookmarks, Preferences, Passwords, Autofill Profiles, Autofill, Autofill Custom Data, Typed URLs, Extensions, Sessions, Extension settings, History Delete Directives, Device Info, User Consents, Send Tab To Self, Web Apps, Collection, Edge E Drop, Edge Hub App Usage, Edge Wallet, Encryption Keys}
{"logTime": "0212/095904", "correlationVector":"XgyByB3SNh2LVPUDltghtd.1","action":"SyncServerConnectionManagerRequest", "result":"SYNC_SERVER_OK", "context":{"environment":"Prod_SoutheastAsia_000j", "migrationStage":"NotStarted", "server":"GENERAL0100001B"}}
{"logTime": "0212/095904", "correlationVector":"XgyByB3SNh2LVPUDltghtd.2","action":"GetUpdates Response", "result":"SYNCER_OK", "context":Received 0 update(s). cV=XgyByB3SNh2LVPUDltghtd.0;server=GENERAL0100001B;cloudType=Consumer;environment=Prod_SoutheastAsia_000j;migrationStage=NotStarted}
{"logTime": "0212/095904", "correlationVector":"FDMx65cxNF5v11f84ZWE6r","action":"Commit Request", "result":"", "context":Item count: 3
Contributing types: Sessions}
{"logTime": "0212/095904", "correlationVector":"FDMx65cxNF5v11f84ZWE6r.1","action":"SyncServerConnectionManagerRequest", "result":"SYNC_SERVER_OK", "context":{"environment":"Prod_SoutheastAsia_000j", "migrationStage":"NotStarted", "server":"GENERAL0300001Z"}}
{"logTime": "0212/095904", "correlationVector":"FDMx65cxNF5v11f84ZWE6r.3","action":"Commit.Sessions", "result":"Success", "context":{"id":"e9f82547-0cc0-4bbb-bf06-34abfe1db6b1", "isDeleted":"true", "size":"0", "version":"1707730356541"}}
{"logTime": "0212/095904", "correlationVector":"FDMx65cxNF5v11f84ZWE6r.2","action":"Commit Response", "result":"SYNCER_OK", "context":Result: SYNCER_OK. cV=FDMx65cxNF5v11f84ZWE6r.0;server=GENERAL0300001Z;cloudType=Consumer;environment=Prod_SoutheastAsia_000j;migrationStage=NotStarted}
{"logTime": "0212/095924", "correlationVector":"O7hxU46tPUg+HIDHkLXmKn","action":"Normal GetUpdate request", "result":"", "context":cV=O7hxU46tPUg+HIDHkLXmKn
Nudged types: Sessions}
{"logTime": "0212/095925", "correlationVector":"O7hxU46tPUg+HIDHkLXmKn.1","action":"SyncServerConnectionManagerRequest", "result":"SYNC_SERVER_OK", "context":{"environment":"Prod_SoutheastAsia_000j", "migrationStage":"NotStarted", "server":"GENERAL0100001K"}}
{"logTime": "0212/095925", "correlationVector":"O7hxU46tPUg+HIDHkLXmKn.2","action":"GetUpdates", "result":"DeleteReceived", "context":{"id":"e9f82547-0cc0-4bbb-bf06-34abfe1db6b1", "isDeleted:":"true", "version":"1707731936979"}}
{"logTime": "0212/095925", "correlationVector":"O7hxU46tPUg+HIDHkLXmKn.3","action":"GetUpdates Response", "result":"SYNCER_OK", "context":Received 3 update(s). cV=O7hxU46tPUg+HIDHkLXmKn.0;server=GENERAL0100001K;cloudType=Consumer;environment=Prod_SoutheastAsia_000j;migrationStage=NotStarted}
{"logTime": "0212/095925", "correlationVector":"Z0ReJMG3QGH62sVgxaCzOH","action":"Commit Request", "result":"", "context":Item count: 1
Contributing types: Sessions}
{"logTime": "0212/095925", "correlationVector":"Z0ReJMG3QGH62sVgxaCzOH.1","action":"SyncServerConnectionManagerRequest", "result":"SYNC_SERVER_OK", "context":{"environment":"Prod_SoutheastAsia_000j", "migrationStage":"NotStarted", "server":"GENERAL0300000Z"}}
{"logTime": "0212/095925", "correlationVector":"Z0ReJMG3QGH62sVgxaCzOH.2","action":"Commit Response", "result":"SYNCER_OK", "context":Result: SYNCER_OK. cV=Z0ReJMG3QGH62sVgxaCzOH.0;server=GENERAL0300000Z;cloudType=Consumer;environment=Prod_SoutheastAsia_000j;migrationStage=NotStarted}
{"logTime": "0212/095932", "correlationVector":"fi8TQYsrLOgUgWmJo2X+Y7","action":"Commit Request", "result":"", "context":Item count: 5
Contributing types: Passwords}
{"logTime": "0212/095932", "correlationVector":"fi8TQYsrLOgUgWmJo2X+Y7.1","action":"SyncServerConnectionManagerRequest", "result":"SYNC_SERVER_OK", "context":{"environment":"Prod_SoutheastAsia_000j", "migrationStage":"NotStarted", "server":"GENERAL03000011"}}
{"logTime": "0212/095932", "correlationVector":"fi8TQYsrLOgUgWmJo2X+Y7.2","action":"Commit Response", "result":"SYNCER_OK", "context":Result: SYNCER_OK. cV=fi8TQYsrLOgUgWmJo2X+Y7.0;server=GENERAL03000011;cloudType=Consumer;environment=Prod_SoutheastAsia_000j;migrationStage=NotStarted}
{"logTime": "0212/095932", "correlationVector":"NRPGU3Ius80xYoHwuv/xOB","action":"Commit Request", "result":"", "context":Item count: 1
Contributing types: Preferences}
{"logTime": "0212/095932", "correlationVector":"NRPGU3Ius80xYoHwuv/xOB.1","action":"SyncServerConnectionManagerRequest", "result":"SYNC_SERVER_OK", "context":{"environment":"Prod_SoutheastAsia_000j", "migrationStage":"NotStarted", "server":"GENERAL0100001K"}}
{"logTime": "0212/095932", "correlationVector":"NRPGU3Ius80xYoHwuv/xOB.2","action":"Commit Response", "result":"SYNCER_OK", "context":Result: SYNCER_OK. cV=NRPGU3Ius80xYoHwuv/xOB.0;server=GENERAL0100001K;cloudType=Consumer;environment=Prod_SoutheastAsia_000j;migrationStage=NotStarted}
{"logTime": "0212/100202", "correlationVector":"xCPm7+zReZmxn8z0Js0+A4","action":"Commit Request", "result":"", "context":Item count: 1
Contributing types: Sessions}
{"logTime": "0212/100203", "correlationVector":"xCPm7+zReZmxn8z0Js0+A4.1","action":"SyncServerConnectionManagerRequest", "result":"SYNC_SERVER_OK", "context":{"environment":"Prod_SoutheastAsia_000j", "migrationStage":"NotStarted", "server":"GENERAL0300002E"}}
{"logTime": "0212/100203", "correlationVector":"xCPm7+zReZmxn8z0Js0+A4.2","action":"Commit Response", "result":"SYNCER_OK", "context":Result: SYNCER_OK. cV=xCPm7+zReZmxn8z0Js0+A4.0;server=GENERAL0300002E;cloudType=Consumer;environment=Prod_SoutheastAsia_000j;migrationStage=NotStarted}
{"logTime": "0212/100351", "correlationVector":"eIHgQ/zqzi2KoxEV/ojmHY","action":"Normal GetUpdate request", "result":"", "context":cV=eIHgQ/zqzi2KoxEV/ojmHY
Refresh requested types: Bookmarks, Preferences, Passwords, Autofill Profiles, Autofill, Autofill Custom Data, Typed URLs, Extensions, Sessions, Extension settings, History Delete Directives, Device Info, User Consents, Send Tab To Self, Web Apps, Collection, Edge E Drop, Edge Hub App Usage, Edge Wallet, Encryption Keys}
{"logTime": "0212/100351", "correlationVector":"eIHgQ/zqzi2KoxEV/ojmHY.1","action":"SyncServerConnectionManagerRequest", "result":"SYNC_SERVER_OK", "context":{"environment":"Prod_SoutheastAsia_000j", "migrationStage":"NotStarted", "server":"GENERAL0300002E"}}
{"logTime": "0212/100351", "correlationVector":"eIHgQ/zqzi2KoxEV/ojmHY.2","action":"GetUpdates Response", "result":"SYNCER_OK", "context":Received 7 update(s). cV=eIHgQ/zqzi2KoxEV/ojmHY.0;server=GENERAL0300002E;cloudType=Consumer;environment=Prod_SoutheastAsia_000j;migrationStage=NotStarted}
{"logTime": "0212/100526", "correlationVector":"ThOJLGynToSISVCBQ9B2ac","action":"Commit Request", "result":"", "context":Item count: 1
Contributing types: Sessions}
{"logTime": "0212/100527", "correlationVector":"ThOJLGynToSISVCBQ9B2ac.1","action":"SyncServerConnectionManagerRequest", "result":"SYNC_SERVER_OK", "context":{"environment":"Prod_SoutheastAsia_000j", "migrationStage":"NotStarted", "server":"GENERAL03000010"}}
{"logTime": "0212/100527", "correlationVector":"ThOJLGynToSISVCBQ9B2ac.2","action":"Commit Response", "result":"SYNCER_OK", "context":Result: SYNCER_OK. cV=ThOJLGynToSISVCBQ9B2ac.0;server=GENERAL03000010;cloudType=Consumer;environment=Prod_SoutheastAsia_000j;migrationStage=NotStarted}
{"logTime": "0212/100731", "correlationVector":"Vxo0YfLQJT0ueIT9qnFaDP.1","action":"SyncServerConnectionManagerRequest", "result":"SYNC_SERVER_OK", "context":{"environment":"Prod_SoutheastAsia_000j", "migrationStage":"NotStarted", "server":"GENERAL0300001I"}}
{"logTime": "0212/100731", "correlationVector":"Vxo0YfLQJT0ueIT9qnFaDP","action":"Initial GetUpdates", "result":"", "context":Reason: NEW_CLIENT. cV=Vxo0YfLQJT0ueIT9qnFaDP}
{"logTime": "0212/100731", "correlationVector":"Vxo0YfLQJT0ueIT9qnFaDP.2","action":"GetUpdates Response", "result":"SYNCER_OK", "context":Received 1 update(s). cV=Vxo0YfLQJT0ueIT9qnFaDP.0;server=GENERAL0300001I;cloudType=Consumer;environment=Prod_SoutheastAsia_000j;migrationStage=NotStarted}
{"logTime": "0212/100731", "correlationVector":"7ad4wpm1wQibUJqI2M7fOK","action":"Initial GetUpdates", "result":"", "context":Reason: NEWLY_SUPPORTED_DATATYPE. cV=7ad4wpm1wQibUJqI2M7fOK}
{"logTime": "0212/100731", "correlationVector":"7ad4wpm1wQibUJqI2M7fOK.1","action":"SyncServerConnectionManagerRequest", "result":"SYNC_SERVER_OK", "context":{"environment":"Prod_SoutheastAsia_000j", "migrationStage":"NotStarted", "server":"GENERAL0300000N"}}
{"logTime": "0212/100731", "correlationVector":"7ad4wpm1wQibUJqI2M7fOK.2","action":"GetUpdates", "result":"DeleteReceived", "context":{"id":"e2174908-bd13-4ed5-bcc6-118c7419a8be", "isDeleted:":"true", "version":"1688485627558"}}
{"logTime": "0212/100731", "correlationVector":"7ad4wpm1wQibUJqI2M7fOK.3","action":"GetUpdates", "result":"DeleteReceived", "context":{"id":"ed38ed76-3b19-470b-a909-2369b88b4093", "isDeleted:":"true", "version":"1688485627559"}}
{"logTime": "0212/100731", "correlationVector":"7ad4wpm1wQibUJqI2M7fOK.4","action":"GetUpdates", "result":"DeleteReceived", "context":{"id":"a682d634-7411-4c7d-9f7a-1f43043c36a0", "isDeleted:":"true", "version":"1688485627560"}}
{"logTime": "0212/100731", "correlationVector":"7ad4wpm1wQibUJqI2M7fOK.5","action":"GetUpdates", "result":"DeleteReceived", "context":{"id":"f8142cda-cae8-45c6-b353-335340379a17", "isDeleted:":"true", "version":"1688485627561"}}
{"logTime": "0212/100731", "correlationVector":"7ad4wpm1wQibUJqI2M7fOK.6","action":"GetUpdates", "result":"DeleteReceived", "context":{"id":"5c1468de-d478-4869-9e89-da2a809e758a", "isDeleted:":"true", "version":"1688485627562"}}
{"logTime": "0212/100731", "correlationVector":"7ad4wpm1wQibUJqI2M7fOK.7","action":"GetUpdates", "result":"DeleteReceived", "context":{"id":"3e838877-952c-4499-bb84-b20a79193db5", "isDeleted:":"true", "version":"1688485627563"}}
{"logTime": "0212/100731", "correlationVector":"7ad4wpm1wQibUJqI2M7fOK.8","action":"GetUpdates", "result":"DeleteReceived", "context":{"id":"1cda9407-608b-40d8-9582-81e44c960f9a", "isDeleted:":"true", "version":"1688485627564"}}
{"logTime": "0212/100731", "correlationVector":"7ad4wpm1wQibUJqI2M7fOK.9","action":"GetUpdates", "result":"DeleteReceived", "context":{"id":"fe647b48-98d3-4d71-8aa7-eadcfbc35926", "isDeleted:":"true", "version":"1688485627565"}}
{"logTime": "0212/100731", "correlationVector":"7ad4wpm1wQibUJqI2M7fOK.10","action":"GetUpdates", "result":"DeleteReceived", "context":{"id":"cea93142-0b91-4f48-9925-33539b15d504", "isDeleted:":"true", "version":"1688485627566"}}
{"logTime": "0212/100731", "correlationVector":"7ad4wpm1wQibUJqI2M7fOK.11","action":"GetUpdates", "result":"DeleteReceived", "context":{"id":"5462169f-295a-497a-9d0d-a7b45fdf8f01", "isDeleted:":"true", "version":"1688485627567"}}
{"logTime": "0212/100731", "correlationVector":"7ad4wpm1wQibUJqI2M7fOK.12","action":"GetUpdates", "result":"DeleteReceived", "context":{"id":"9fe7aac9-a843-4cbf-b31b-aff1f3554dbb", "isDeleted:":"true", "version":"1688485627568"}}
{"logTime": "0212/100731", "correlationVector":"7ad4wpm1wQibUJqI2M7fOK.13","action":"GetUpdates", "result":"DeleteReceived", "context":{"id":"871054f3-ca0f-4fc3-82dc-4f07dffb601b", "isDeleted:":"true", "version":"1688485627569"}}
{"logTime": "0212/100731", "correlationVector":"7ad4wpm1wQibUJqI2M7fOK.14","action":"GetUpdates", "result":"DeleteReceived", "context":{"id":"ac53c856-902d-48f4-963a-f3ea19d0c329", "isDeleted:":"true", "version":"1688485627570"}}
{"logTime": "0212/100731", "correlationVector":"7ad4wpm1wQibUJqI2M7fOK.15","action":"GetUpdates", "result":"DeleteReceived", "context":{"id":"a491422f-8e8d-4db1-8e0c-00cbe3e31218", "isDeleted:":"true", "version":"1688485627571"}}
{"logTime": "0212/100731", "correlationVector":"7ad4wpm1wQibUJqI2M7fOK.16","action":"GetUpdates", "result":"DeleteReceived", "context":{"id":"4c296a04-0548-4362-9d10-de2c49f9ef9f", "isDeleted:":"true", "version":"1688485627572"}}
{"logTime": "0212/100731", "correlationVector":"7ad4wpm1wQibUJqI2M7fOK.17","action":"GetUpdates", "result":"DeleteReceived", "context":{"id":"a90c89a4-2e05-4dfa-917a-763b5248fbc7", "isDeleted:":"true", "version":"1688485629135"}}
{"logTime": "0212/100731", "correlationVector":"7ad4wpm1wQibUJqI2M7fOK.18","action":"GetUpdates", "result":"DeleteReceived", "context":{"id":"051cd8e7-9ac6-454b-b8b6-356df986399d", "isDeleted:":"true", "version":"1688485629136"}}
{"logTime": "0212/100731", "correlationVector":"7ad4wpm1wQibUJqI2M7fOK.19","action":"GetUpdates", "result":"DeleteReceived", "context":{"id":"df86f781-ece0-4634-b6d4-d3295c47ed14", "isDeleted:":"true", "version":"1688485629137"}}
{"logTime": "0212/100731", "correlationVector":"7ad4wpm1wQibUJqI2M7fOK.20","action":"GetUpdates", "result":"DeleteReceived", "context":{"id":"2756f740-9356-47a1-8a57-94b292ced9ec", "isDeleted:":"true", "version":"1688485629138"}}
{"logTime": "0212/100731", "correlationVector":"7ad4wpm1wQibUJqI2M7fOK.21","action":"GetUpdates", "result":"DeleteReceived", "context":{"id":"88ea292f-900b-4b80-92c8-507e0133ed8c", "isDeleted:":"true", "version":"1688485629139"}}
{"logTime": "0212/100731", "correlationVector":"7ad4wpm1wQibUJqI2M7fOK.22","action":"GetUpdates", "result":"DeleteReceived", "context":{"id":"82072e67-287c-4e12-b802-c9e39d31e4e0", "isDeleted:":"true", "version":"1688485629140"}}
{"logTime": "0212/100731", "correlationVector":"7ad4wpm1wQibUJqI2M7fOK.23","action":"GetUpdates", "result":"DeleteReceived", "context":{"id":"085fb87b-f606-40ab-92aa-19228216ded3", "isDeleted:":"true", "version":"1688485629141"}}
{"logTime": "0212/100731", "correlationVector":"7ad4wpm1wQibUJqI2M7fOK.24","action":"GetUpdates", "result":"DeleteReceived", "context":{"id":"36e97138-d3ce-462e-bba8-c8aaab4b8e6e", "isDeleted:":"true", "version":"1688485629142"}}
{"logTime": "0212/100731", "correlationVector":"7ad4wpm1wQibUJqI2M7fOK.25","action":"GetUpdates", "result":"DeleteReceived", "context":{"id":"837fd178-a596-4100-a0e0-58a992001422", "isDeleted:":"true", "version":"1688485629143"}}
{"logTime": "0212/100731", "correlationVector":"7ad4wpm1wQibUJqI2M7fOK.26","action":"GetUpdates", "result":"DeleteReceived", "context":{"id":"ba363551-d325-4de3-908e-ada9705cf8b7", "isDeleted:":"true", "version":"1688485629144"}}
{"logTime": "0212/100731", "correlationVector":"7ad4wpm1wQibUJqI2M7fOK.27","action":"GetUpdates", "result":"DeleteReceived", "context":{"id":"2cc9e1c9-89e7-4f23-9375-129ad9774067", "isDeleted:":"true", "version":"1688485629145"}}
{"logTime": "0212/100731", "correlationVector":"7ad4wpm1wQibUJqI2M7fOK.28","action":"GetUpdates", "result":"DeleteReceived", "context":{"id":"d7e855d1-a5a1-416d-93a7-129f7efe965a", "isDeleted:":"true", "version":"1688485629146"}}
{"logTime": "0212/100731", "correlationVector":"7ad4wpm1wQibUJqI2M7fOK.29","action":"GetUpdates", "result":"DeleteReceived", "context":{"id":"383a9f1d-06d9-4226-8f83-b84ea3fcef9f", "isDeleted:":"true", "version":"1688485629147"}}
{"logTime": "0212/100731", "correlationVector":"7ad4wpm1wQibUJqI2M7fOK.30","action":"GetUpdates", "result":"DeleteReceived", "context":{"id":"c6ec9191-2eb1-4847-a07b-8474a2ba8938", "isDeleted:":"true", "version":"1688485629148"}}
{"logTime": "0212/100731", "correlationVector":"7ad4wpm1wQibUJqI2M7fOK.31","action":"GetUpdates", "result":"DeleteReceived", "context":{"id":"d768ae3e-1115-4bd3-8fc8-36ed0c6cb146", "isDeleted:":"true", "version":"1688485629149"}}
{"logTime": "0212/100731", "correlationVector":"7ad4wpm1wQibUJqI2M7fOK.32","action":"GetUpdates", "result":"DeleteReceived", "context":{"id":"532d0191-97ad-4040-87c0-54e9fdb8d14c", "isDeleted:":"true", "version":"1688485629150"}}
{"logTime": "0212/100731", "correlationVector":"7ad4wpm1wQibUJqI2M7fOK.33","action":"GetUpdates", "result":"DeleteReceived", "context":{"id":"bacbae30-83cb-4ec0-815e-ae815e8c1971", "isDeleted:":"true", "version":"1688485629151"}}
{"logTime": "0212/100731", "correlationVector":"7ad4wpm1wQibUJqI2M7fOK.34","action":"GetUpdates", "result":"DeleteReceived", "context":{"id":"7249b904-155c-4eaf-b149-1655a7d2b483", "isDeleted:":"true", "version":"1688485629152"}}
{"logTime": "0212/100731", "correlationVector":"7ad4wpm1wQibUJqI2M7fOK.35","action":"GetUpdates", "result":"DeleteReceived", "context":{"id":"f934ac91-aa70-4da8-b07f-b11944dfa424", "isDeleted:":"true", "version":"1688485629153"}}
{"logTime": "0212/100731", "correlationVector":"7ad4wpm1wQibUJqI2M7fOK.36","action":"GetUpdates", "result":"DeleteReceived", "context":{"id":"a319c543-be92-48f3-8e91-2a9bca10f745", "isDeleted:":"true", "version":"1688485629154"}}
{"logTime": "0212/100731", "correlationVector":"7ad4wpm1wQibUJqI2M7fOK.37","action":"GetUpdates", "result":"DeleteReceived", "context":{"id":"bf6dacbd-c080-470f-8663-6acd80e91ec3", "isDeleted:":"true", "version":"1701443203024"}}
{"logTime": "0212/100731", "correlationVector":"7ad4wpm1wQibUJqI2M7fOK.38","action":"GetUpdates Response", "result":"SYNCER_OK", "context":Received 88 update(s). cV=7ad4wpm1wQibUJqI2M7fOK.0;server=GENERAL0300000N;cloudType=Consumer;environment=Prod_SoutheastAsia_000j;migrationStage=NotStarted}
{"logTime": "0212/100731", "correlationVector":"5ojhdthWN7aByXz55XOOBk","action":"Normal GetUpdate request", "result":"", "context":cV=5ojhdthWN7aByXz55XOOBk
Nudged types: Sessions
Refresh requested types: Bookmarks, Preferences, Passwords, Autofill Profiles, Autofill, Autofill Custom Data, Typed URLs, Extensions, Sessions, Extension settings, History Delete Directives, Device Info, User Consents, Send Tab To Self, Web Apps, Collection, Edge E Drop, Edge Hub App Usage, Edge Wallet, Encryption Keys}
{"logTime": "0212/100731", "correlationVector":"5ojhdthWN7aByXz55XOOBk.1","action":"SyncServerConnectionManagerRequest", "result":"SYNC_SERVER_OK", "context":{"environment":"Prod_SoutheastAsia_000j", "migrationStage":"NotStarted", "server":"GENERAL0100001B"}}
{"logTime": "0212/100731", "correlationVector":"5ojhdthWN7aByXz55XOOBk.2","action":"GetUpdates Response", "result":"SYNCER_OK", "context":Received 1 update(s). cV=5ojhdthWN7aByXz55XOOBk.0;server=GENERAL0100001B;cloudType=Consumer;environment=Prod_SoutheastAsia_000j;migrationStage=NotStarted}
{"logTime": "0212/100731", "correlationVector":"hB+6GfgTjuNRSIMVbsP0eP","action":"Commit Request", "result":"", "context":Item count: 3
Contributing types: Sessions}
{"logTime": "0212/100731", "correlationVector":"hB+6GfgTjuNRSIMVbsP0eP.1","action":"SyncServerConnectionManagerRequest", "result":"SYNC_SERVER_OK", "context":{"environment":"Prod_SoutheastAsia_000j", "migrationStage":"NotStarted", "server":"GENERAL0100001K"}}
{"logTime": "0212/100731", "correlationVector":"hB+6GfgTjuNRSIMVbsP0eP.2","action":"Commit Response", "result":"SYNCER_OK", "context":Result: SYNCER_OK. cV=hB+6GfgTjuNRSIMVbsP0eP.0;server=GENERAL0100001K;cloudType=Consumer;environment=Prod_SoutheastAsia_000j;migrationStage=NotStarted}
{"logTime": "0212/100751", "correlationVector":"HnKosoidirbmhUHNK3otiX","action":"SyncServerConnectionManagerRequest", "result":"SYNC_SERVER_OK", "context":{"environment":"", "migrationStage":"", "server":""}}
{"logTime": "0212/100751", "correlationVector":"YHBDbJ0wXTVtvCCgp+XJI5","action":"Normal GetUpdate request", "result":"", "context":cV=YHBDbJ0wXTVtvCCgp+XJI5
Nudged types: Sessions}
{"logTime": "0212/100751", "correlationVector":"YHBDbJ0wXTVtvCCgp+XJI5.1","action":"SyncServerConnectionManagerRequest", "result":"SYNC_SERVER_OK", "context":{"environment":"Prod_SoutheastAsia_000j", "migrationStage":"NotStarted", "server":"GENERAL03000011"}}
{"logTime": "0212/100751", "correlationVector":"YHBDbJ0wXTVtvCCgp+XJI5.2","action":"GetUpdates Response", "result":"SYNCER_OK", "context":Received 3 update(s). cV=YHBDbJ0wXTVtvCCgp+XJI5.0;server=GENERAL03000011;cloudType=Consumer;environment=Prod_SoutheastAsia_000j;migrationStage=NotStarted}
{"logTime": "0212/100751", "correlationVector":"UEPars4oQMk+D5PeUk/roM","action":"Commit Request", "result":"", "context":Item count: 2
Contributing types: Sessions}
{"logTime": "0212/100751", "correlationVector":"UEPars4oQMk+D5PeUk/roM.1","action":"SyncServerConnectionManagerRequest", "result":"SYNC_SERVER_OK", "context":{"environment":"Prod_SoutheastAsia_000j", "migrationStage":"NotStarted", "server":"GENERAL0100000P"}}
{"logTime": "0212/100751", "correlationVector":"UEPars4oQMk+D5PeUk/roM.3","action":"Commit.Sessions", "result":"Success", "context":{"id":"9aedbcd1-02b3-4e44-835c-a131854146c5", "isDeleted":"true", "size":"0", "version":"1707732441941"}}
{"logTime": "0212/100751", "correlationVector":"UEPars4oQMk+D5PeUk/roM.2","action":"Commit Response", "result":"SYNCER_OK", "context":Result: SYNCER_OK. cV=UEPars4oQMk+D5PeUk/roM.0;server=GENERAL0100000P;cloudType=Consumer;environment=Prod_SoutheastAsia_000j;migrationStage=NotStarted}
{"logTime": "0212/100751", "correlationVector":"KREak2OfQnhwoRC0lXvRC4","action":"Normal GetUpdate request", "result":"", "context":cV=KREak2OfQnhwoRC0lXvRC4
Nudged types: Sessions
Refresh requested types: Bookmarks, Preferences, Passwords, Autofill Profiles, Autofill, Autofill Custom Data, Typed URLs, Extensions, Sessions, Extension settings, History Delete Directives, Device Info, User Consents, Send Tab To Self, Web Apps, Collection, Edge E Drop, Edge Hub App Usage, Edge Wallet, Encryption Keys}
{"logTime": "0212/100751", "correlationVector":"KREak2OfQnhwoRC0lXvRC4.1","action":"SyncServerConnectionManagerRequest", "result":"SYNC_SERVER_OK", "context":{"environment":"Prod_SoutheastAsia_000j", "migrationStage":"NotStarted", "server":"GENERAL0300000Z"}}
{"logTime": "0212/100751", "correlationVector":"KREak2OfQnhwoRC0lXvRC4.2","action":"GetUpdates", "result":"DeleteReceived", "context":{"id":"9aedbcd1-02b3-4e44-835c-a131854146c5", "isDeleted:":"true", "version":"1707732473586"}}
{"logTime": "0212/100751", "correlationVector":"KREak2OfQnhwoRC0lXvRC4.3","action":"GetUpdates Response", "result":"SYNCER_OK", "context":Received 2 update(s). cV=KREak2OfQnhwoRC0lXvRC4.0;server=GENERAL0300000Z;cloudType=Consumer;environment=Prod_SoutheastAsia_000j;migrationStage=NotStarted}
{"logTime": "0212/123218", "correlationVector":"rMqGrhre2u2zDCD7oDDSbb.1","action":"SyncServerConnectionManagerRequest", "result":"SYNC_SERVER_OK", "context":{"environment":"Prod_SoutheastAsia_000j", "migrationStage":"NotStarted", "server":"GENERAL03000009"}}
{"logTime": "0212/123218", "correlationVector":"rMqGrhre2u2zDCD7oDDSbb","action":"Initial GetUpdates", "result":"", "context":Reason: NEW_CLIENT. cV=rMqGrhre2u2zDCD7oDDSbb}
{"logTime": "0212/123218", "correlationVector":"rMqGrhre2u2zDCD7oDDSbb.2","action":"GetUpdates Response", "result":"SYNCER_OK", "context":Received 1 update(s). cV=rMqGrhre2u2zDCD7oDDSbb.0;server=GENERAL03000009;cloudType=Consumer;environment=Prod_SoutheastAsia_000j;migrationStage=NotStarted}
{"logTime": "0212/123218", "correlationVector":"FJqpds7YeKYawrLfxZaLx1","action":"Initial GetUpdates", "result":"", "context":Reason: NEWLY_SUPPORTED_DATATYPE. cV=FJqpds7YeKYawrLfxZaLx1}
{"logTime": "0212/123218", "correlationVector":"FJqpds7YeKYawrLfxZaLx1.1","action":"SyncServerConnectionManagerRequest", "result":"SYNC_SERVER_OK", "context":{"environment":"Prod_SoutheastAsia_000j", "migrationStage":"NotStarted", "server":"GENERAL0300001I"}}
{"logTime": "0212/123218", "correlationVector":"FJqpds7YeKYawrLfxZaLx1.2","action":"GetUpdates", "result":"DeleteReceived", "context":{"id":"e2174908-bd13-4ed5-bcc6-118c7419a8be", "isDeleted:":"true", "version":"1688485627558"}}
{"logTime": "0212/123218", "correlationVector":"FJqpds7YeKYawrLfxZaLx1.3","action":"GetUpdates", "result":"DeleteReceived", "context":{"id":"ed38ed76-3b19-470b-a909-2369b88b4093", "isDeleted:":"true", "version":"1688485627559"}}
{"logTime": "0212/123218", "correlationVector":"FJqpds7YeKYawrLfxZaLx1.4","action":"GetUpdates", "result":"DeleteReceived", "context":{"id":"a682d634-7411-4c7d-9f7a-1f43043c36a0", "isDeleted:":"true", "version":"1688485627560"}}
{"logTime": "0212/123218", "correlationVector":"FJqpds7YeKYawrLfxZaLx1.5","action":"GetUpdates", "result":"DeleteReceived", "context":{"id":"f8142cda-cae8-45c6-b353-335340379a17", "isDeleted:":"true", "version":"1688485627561"}}
{"logTime": "0212/123218", "correlationVector":"FJqpds7YeKYawrLfxZaLx1.6","action":"GetUpdates", "result":"DeleteReceived", "context":{"id":"5c1468de-d478-4869-9e89-da2a809e758a", "isDeleted:":"true", "version":"1688485627562"}}
{"logTime": "0212/123218", "correlationVector":"FJqpds7YeKYawrLfxZaLx1.7","action":"GetUpdates", "result":"DeleteReceived", "context":{"id":"3e838877-952c-4499-bb84-b20a79193db5", "isDeleted:":"true", "version":"1688485627563"}}
{"logTime": "0212/123218", "correlationVector":"FJqpds7YeKYawrLfxZaLx1.8","action":"GetUpdates", "result":"DeleteReceived", "context":{"id":"1cda9407-608b-40d8-9582-81e44c960f9a", "isDeleted:":"true", "version":"1688485627564"}}
{"logTime": "0212/123218", "correlationVector":"FJqpds7YeKYawrLfxZaLx1.9","action":"GetUpdates", "result":"DeleteReceived", "context":{"id":"fe647b48-98d3-4d71-8aa7-eadcfbc35926", "isDeleted:":"true", "version":"1688485627565"}}
{"logTime": "0212/123218", "correlationVector":"FJqpds7YeKYawrLfxZaLx1.10","action":"GetUpdates", "result":"DeleteReceived", "context":{"id":"cea93142-0b91-4f48-9925-33539b15d504", "isDeleted:":"true", "version":"1688485627566"}}
{"logTime": "0212/123218", "correlationVector":"FJqpds7YeKYawrLfxZaLx1.11","action":"GetUpdates", "result":"DeleteReceived", "context":{"id":"5462169f-295a-497a-9d0d-a7b45fdf8f01", "isDeleted:":"true", "version":"1688485627567"}}
{"logTime": "0212/123218", "correlationVector":"FJqpds7YeKYawrLfxZaLx1.12","action":"GetUpdates", "result":"DeleteReceived", "context":{"id":"9fe7aac9-a843-4cbf-b31b-aff1f3554dbb", "isDeleted:":"true", "version":"1688485627568"}}
{"logTime": "0212/123218", "correlationVector":"FJqpds7YeKYawrLfxZaLx1.13","action":"GetUpdates", "result":"DeleteReceived", "context":{"id":"871054f3-ca0f-4fc3-82dc-4f07dffb601b", "isDeleted:":"true", "version":"1688485627569"}}
{"logTime": "0212/123218", "correlationVector":"FJqpds7YeKYawrLfxZaLx1.14","action":"GetUpdates", "result":"DeleteReceived", "context":{"id":"ac53c856-902d-48f4-963a-f3ea19d0c329", "isDeleted:":"true", "version":"1688485627570"}}
{"logTime": "0212/123218", "correlationVector":"FJqpds7YeKYawrLfxZaLx1.15","action":"GetUpdates", "result":"DeleteReceived", "context":{"id":"a491422f-8e8d-4db1-8e0c-00cbe3e31218", "isDeleted:":"true", "version":"1688485627571"}}
{"logTime": "0212/123218", "correlationVector":"FJqpds7YeKYawrLfxZaLx1.16","action":"GetUpdates", "result":"DeleteReceived", "context":{"id":"4c296a04-0548-4362-9d10-de2c49f9ef9f", "isDeleted:":"true", "version":"1688485627572"}}
{"logTime": "0212/123218", "correlationVector":"FJqpds7YeKYawrLfxZaLx1.17","action":"GetUpdates", "result":"DeleteReceived", "context":{"id":"a90c89a4-2e05-4dfa-917a-763b5248fbc7", "isDeleted:":"true", "version":"1688485629135"}}
{"logTime": "0212/123218", "correlationVector":"FJqpds7YeKYawrLfxZaLx1.18","action":"GetUpdates", "result":"DeleteReceived", "context":{"id":"051cd8e7-9ac6-454b-b8b6-356df986399d", "isDeleted:":"true", "version":"1688485629136"}}
{"logTime": "0212/123218", "correlationVector":"FJqpds7YeKYawrLfxZaLx1.19","action":"GetUpdates", "result":"DeleteReceived", "context":{"id":"df86f781-ece0-4634-b6d4-d3295c47ed14", "isDeleted:":"true", "version":"1688485629137"}}
{"logTime": "0212/123218", "correlationVector":"FJqpds7YeKYawrLfxZaLx1.20","action":"GetUpdates", "result":"DeleteReceived", "context":{"id":"2756f740-9356-47a1-8a57-94b292ced9ec", "isDeleted:":"true", "version":"1688485629138"}}
{"logTime": "0212/123218", "correlationVector":"FJqpds7YeKYawrLfxZaLx1.21","action":"GetUpdates", "result":"DeleteReceived", "context":{"id":"88ea292f-900b-4b80-92c8-507e0133ed8c", "isDeleted:":"true", "version":"1688485629139"}}
{"logTime": "0212/123218", "correlationVector":"FJqpds7YeKYawrLfxZaLx1.22","action":"GetUpdates", "result":"DeleteReceived", "context":{"id":"82072e67-287c-4e12-b802-c9e39d31e4e0", "isDeleted:":"true", "version":"1688485629140"}}
{"logTime": "0212/123218", "correlationVector":"FJqpds7YeKYawrLfxZaLx1.23","action":"GetUpdates", "result":"DeleteReceived", "context":{"id":"085fb87b-f606-40ab-92aa-19228216ded3", "isDeleted:":"true", "version":"1688485629141"}}
{"logTime": "0212/123218", "correlationVector":"FJqpds7YeKYawrLfxZaLx1.24","action":"GetUpdates", "result":"DeleteReceived", "context":{"id":"36e97138-d3ce-462e-bba8-c8aaab4b8e6e", "isDeleted:":"true", "version":"1688485629142"}}
{"logTime": "0212/123218", "correlationVector":"FJqpds7YeKYawrLfxZaLx1.25","action":"GetUpdates", "result":"DeleteReceived", "context":{"id":"837fd178-a596-4100-a0e0-58a992001422", "isDeleted:":"true", "version":"1688485629143"}}
{"logTime": "0212/123218", "correlationVector":"FJqpds7YeKYawrLfxZaLx1.26","action":"GetUpdates", "result":"DeleteReceived", "context":{"id":"ba363551-d325-4de3-908e-ada9705cf8b7", "isDeleted:":"true", "version":"1688485629144"}}
{"logTime": "0212/123218", "correlationVector":"FJqpds7YeKYawrLfxZaLx1.27","action":"GetUpdates", "result":"DeleteReceived", "context":{"id":"2cc9e1c9-89e7-4f23-9375-129ad9774067", "isDeleted:":"true", "version":"1688485629145"}}
{"logTime": "0212/123218", "correlationVector":"FJqpds7YeKYawrLfxZaLx1.28","action":"GetUpdates", "result":"DeleteReceived", "context":{"id":"d7e855d1-a5a1-416d-93a7-129f7efe965a", "isDeleted:":"true", "version":"1688485629146"}}
{"logTime": "0212/123218", "correlationVector":"FJqpds7YeKYawrLfxZaLx1.29","action":"GetUpdates", "result":"DeleteReceived", "context":{"id":"383a9f1d-06d9-4226-8f83-b84ea3fcef9f", "isDeleted:":"true", "version":"1688485629147"}}
{"logTime": "0212/123218", "correlationVector":"FJqpds7YeKYawrLfxZaLx1.30","action":"GetUpdates", "result":"DeleteReceived", "context":{"id":"c6ec9191-2eb1-4847-a07b-8474a2ba8938", "isDeleted:":"true", "version":"1688485629148"}}
{"logTime": "0212/123218", "correlationVector":"FJqpds7YeKYawrLfxZaLx1.31","action":"GetUpdates", "result":"DeleteReceived", "context":{"id":"d768ae3e-1115-4bd3-8fc8-36ed0c6cb146", "isDeleted:":"true", "version":"1688485629149"}}
{"logTime": "0212/123218", "correlationVector":"FJqpds7YeKYawrLfxZaLx1.32","action":"GetUpdates", "result":"DeleteReceived", "context":{"id":"532d0191-97ad-4040-87c0-54e9fdb8d14c", "isDeleted:":"true", "version":"1688485629150"}}
{"logTime": "0212/123218", "correlationVector":"FJqpds7YeKYawrLfxZaLx1.33","action":"GetUpdates", "result":"DeleteReceived", "context":{"id":"bacbae30-83cb-4ec0-815e-ae815e8c1971", "isDeleted:":"true", "version":"1688485629151"}}
{"logTime": "0212/123218", "correlationVector":"FJqpds7YeKYawrLfxZaLx1.34","action":"GetUpdates", "result":"DeleteReceived", "context":{"id":"7249b904-155c-4eaf-b149-1655a7d2b483", "isDeleted:":"true", "version":"1688485629152"}}
{"logTime": "0212/123218", "correlationVector":"FJqpds7YeKYawrLfxZaLx1.35","action":"GetUpdates", "result":"DeleteReceived", "context":{"id":"f934ac91-aa70-4da8-b07f-b11944dfa424", "isDeleted:":"true", "version":"1688485629153"}}
{"logTime": "0212/123218", "correlationVector":"FJqpds7YeKYawrLfxZaLx1.36","action":"GetUpdates", "result":"DeleteReceived", "context":{"id":"a319c543-be92-48f3-8e91-2a9bca10f745", "isDeleted:":"true", "version":"1688485629154"}}
{"logTime": "0212/123218", "correlationVector":"FJqpds7YeKYawrLfxZaLx1.37","action":"GetUpdates", "result":"DeleteReceived", "context":{"id":"bf6dacbd-c080-470f-8663-6acd80e91ec3", "isDeleted:":"true", "version":"1701443203024"}}
{"logTime": "0212/123218", "correlationVector":"FJqpds7YeKYawrLfxZaLx1.38","action":"GetUpdates Response", "result":"SYNCER_OK", "context":Received 88 update(s). cV=FJqpds7YeKYawrLfxZaLx1.0;server=GENERAL0300001I;cloudType=Consumer;environment=Prod_SoutheastAsia_000j;migrationStage=NotStarted}
{"logTime": "0212/123218", "correlationVector":"ieOjXVbIZOs9fDQEbc9i/E","action":"Normal GetUpdate request", "result":"", "context":cV=ieOjXVbIZOs9fDQEbc9i/E
Nudged types: Sessions
Refresh requested types: Bookmarks, Preferences, Passwords, Autofill Profiles, Autofill, Autofill Custom Data, Typed URLs, Extensions, Sessions, Extension settings, History Delete Directives, Device Info, User Consents, Send Tab To Self, Web Apps, Collection, Edge E Drop, Edge Hub App Usage, Edge Wallet, Encryption Keys}
{"logTime": "0212/123218", "correlationVector":"ieOjXVbIZOs9fDQEbc9i/E.1","action":"SyncServerConnectionManagerRequest", "result":"SYNC_SERVER_OK", "context":{"environment":"Prod_SoutheastAsia_000j", "migrationStage":"NotStarted", "server":"GENERAL0100000P"}}
{"logTime": "0212/123218", "correlationVector":"ieOjXVbIZOs9fDQEbc9i/E.2","action":"GetUpdates Response", "result":"SYNCER_OK", "context":Received 1 update(s). cV=ieOjXVbIZOs9fDQEbc9i/E.0;server=GENERAL0100000P;cloudType=Consumer;environment=Prod_SoutheastAsia_000j;migrationStage=NotStarted}
{"logTime": "0212/123218", "correlationVector":"ZT0tYoeJ8EcyqeUQlRXmMW","action":"Commit Request", "result":"", "context":Item count: 3
Contributing types: Sessions}
{"logTime": "0212/123218", "correlationVector":"ZT0tYoeJ8EcyqeUQlRXmMW.1","action":"SyncServerConnectionManagerRequest", "result":"SYNC_SERVER_OK", "context":{"environment":"Prod_SoutheastAsia_000j", "migrationStage":"NotStarted", "server":"GENERAL0300000N"}}
{"logTime": "0212/123218", "correlationVector":"ZT0tYoeJ8EcyqeUQlRXmMW.2","action":"Commit Response", "result":"SYNCER_OK", "context":Result: SYNCER_OK. cV=ZT0tYoeJ8EcyqeUQlRXmMW.0;server=GENERAL0300000N;cloudType=Consumer;environment=Prod_SoutheastAsia_000j;migrationStage=NotStarted}
{"logTime": "0212/123218", "correlationVector":"ZT0tYoeJ8EcyqeUQlRXmMW.3","action":"Commit.Sessions", "result":"Success", "context":{"id":"507f2bb3-681f-4ef8-95f2-54f2a21aa21d", "isDeleted":"true", "size":"0", "version":"1707732473585"}}
{"logTime": "0212/123255", "correlationVector":"xN0dEMopQ+dtg5VOOEVKNd","action":"SyncServerConnectionManagerRequest", "result":"SYNC_SERVER_OK", "context":{"environment":"", "migrationStage":"", "server":""}}
{"logTime": "0212/123255", "correlationVector":"uTiG48cxiuRPrPjcK2fo4M","action":"Normal GetUpdate request", "result":"", "context":cV=uTiG48cxiuRPrPjcK2fo4M
Nudged types: Sessions}
{"logTime": "0212/123259", "correlationVector":"uTiG48cxiuRPrPjcK2fo4M.1","action":"SyncServerConnectionManagerRequest", "result":"SYNC_SERVER_OK", "context":{"environment":"Prod_SoutheastAsia_000j", "migrationStage":"NotStarted", "server":"general0100000K"}}
{"logTime": "0212/123259", "correlationVector":"uTiG48cxiuRPrPjcK2fo4M.2","action":"GetUpdates", "result":"DeleteReceived", "context":{"id":"507f2bb3-681f-4ef8-95f2-54f2a21aa21d", "isDeleted:":"true", "version":"1707741133518"}}
{"logTime": "0212/123259", "correlationVector":"uTiG48cxiuRPrPjcK2fo4M.3","action":"GetUpdates Response", "result":"SYNCER_OK", "context":Received 3 update(s). cV=uTiG48cxiuRPrPjcK2fo4M.0;server=general0100000K;cloudType=Consumer;environment=Prod_SoutheastAsia_000j;migrationStage=NotStarted}
{"logTime": "0212/123259", "correlationVector":"UMFUTCaiNl/DAJHbAe49Cw","action":"Commit Request", "result":"", "context":Item count: 1
Contributing types: Sessions}
{"logTime": "0212/123302", "correlationVector":"UMFUTCaiNl/DAJHbAe49Cw.1","action":"SyncServerConnectionManagerRequest", "result":"SYNC_SERVER_OK", "context":{"environment":"Prod_SoutheastAsia_000j", "migrationStage":"NotStarted", "server":"GENERAL03000009"}}
{"logTime": "0212/123302", "correlationVector":"UMFUTCaiNl/DAJHbAe49Cw.2","action":"Commit Response", "result":"SYNCER_OK", "context":Result: SYNCER_OK. cV=UMFUTCaiNl/DAJHbAe49Cw.0;server=GENERAL03000009;cloudType=Consumer;environment=Prod_SoutheastAsia_000j;migrationStage=NotStarted}
{"logTime": "0212/123302", "correlationVector":"pZ/MPwBTdwTjJAxvJsGWZo","action":"Normal GetUpdate request", "result":"", "context":cV=pZ/MPwBTdwTjJAxvJsGWZo
Nudged types: Sessions
Refresh requested types: Bookmarks, Preferences, Passwords, Autofill Profiles, Autofill, Autofill Custom Data, Typed URLs, Extensions, Sessions, Extension settings, History Delete Directives, Device Info, User Consents, Send Tab To Self, Web Apps, Collection, Edge E Drop, Edge Hub App Usage, Edge Wallet, Encryption Keys}
{"logTime": "0212/123306", "correlationVector":"pZ/MPwBTdwTjJAxvJsGWZo.1","action":"SyncServerConnectionManagerRequest", "result":"SYNC_SERVER_OK", "context":{"environment":"Prod_SoutheastAsia_000j", "migrationStage":"NotStarted", "server":"GENERAL0300001Z"}}
{"logTime": "0212/123306", "correlationVector":"pZ/MPwBTdwTjJAxvJsGWZo.2","action":"GetUpdates Response", "result":"SYNCER_OK", "context":Received 1 update(s). cV=pZ/MPwBTdwTjJAxvJsGWZo.0;server=GENERAL0300001Z;cloudType=Consumer;environment=Prod_SoutheastAsia_000j;migrationStage=NotStarted}
{"logTime": "0212/123349", "correlationVector":"T2AMhXfaXwBiTjdXT+whYt","action":"Commit Request", "result":"", "context":Item count: 1
Contributing types: Preferences}
{"logTime": "0212/123349", "correlationVector":"T2AMhXfaXwBiTjdXT+whYt.1","action":"SyncServerConnectionManagerRequest", "result":"SYNC_SERVER_OK", "context":{"environment":"Prod_SoutheastAsia_000j", "migrationStage":"NotStarted", "server":"GENERAL0300001G"}}
{"logTime": "0212/123349", "correlationVector":"T2AMhXfaXwBiTjdXT+whYt.2","action":"Commit Response", "result":"SYNCER_OK", "context":Result: SYNCER_OK. cV=T2AMhXfaXwBiTjdXT+whYt.0;server=GENERAL0300001G;cloudType=Consumer;environment=Prod_SoutheastAsia_000j;migrationStage=NotStarted}
{"logTime": "0212/123825", "correlationVector":"hW6oaqtgytu5Hm0aiIizU9.1","action":"SyncServerConnectionManagerRequest", "result":"SYNC_SERVER_OK", "context":{"environment":"Prod_SoutheastAsia_000j", "migrationStage":"NotStarted", "server":"GENERAL03000008"}}
{"logTime": "0212/123825", "correlationVector":"hW6oaqtgytu5Hm0aiIizU9","action":"Initial GetUpdates", "result":"", "context":Reason: NEW_CLIENT. cV=hW6oaqtgytu5Hm0aiIizU9}
{"logTime": "0212/123825", "correlationVector":"hW6oaqtgytu5Hm0aiIizU9.2","action":"GetUpdates Response", "result":"SYNCER_OK", "context":Received 1 update(s). cV=hW6oaqtgytu5Hm0aiIizU9.0;server=GENERAL03000008;cloudType=Consumer;environment=Prod_SoutheastAsia_000j;migrationStage=NotStarted}
{"logTime": "0212/123825", "correlationVector":"L4ac0s9h12RPg0MHEgQR3h","action":"Initial GetUpdates", "result":"", "context":Reason: NEWLY_SUPPORTED_DATATYPE. cV=L4ac0s9h12RPg0MHEgQR3h}
{"logTime": "0212/123825", "correlationVector":"L4ac0s9h12RPg0MHEgQR3h.1","action":"SyncServerConnectionManagerRequest", "result":"SYNC_SERVER_OK", "context":{"environment":"Prod_SoutheastAsia_000j", "migrationStage":"NotStarted", "server":"GENERAL0300002A"}}
{"logTime": "0212/123825", "correlationVector":"L4ac0s9h12RPg0MHEgQR3h.2","action":"GetUpdates", "result":"DeleteReceived", "context":{"id":"e2174908-bd13-4ed5-bcc6-118c7419a8be", "isDeleted:":"true", "version":"1688485627558"}}
{"logTime": "0212/123825", "correlationVector":"L4ac0s9h12RPg0MHEgQR3h.3","action":"GetUpdates", "result":"DeleteReceived", "context":{"id":"ed38ed76-3b19-470b-a909-2369b88b4093", "isDeleted:":"true", "version":"1688485627559"}}
{"logTime": "0212/123825", "correlationVector":"L4ac0s9h12RPg0MHEgQR3h.4","action":"GetUpdates", "result":"DeleteReceived", "context":{"id":"a682d634-7411-4c7d-9f7a-1f43043c36a0", "isDeleted:":"true", "version":"1688485627560"}}
{"logTime": "0212/123825", "correlationVector":"L4ac0s9h12RPg0MHEgQR3h.5","action":"GetUpdates", "result":"DeleteReceived", "context":{"id":"f8142cda-cae8-45c6-b353-335340379a17", "isDeleted:":"true", "version":"1688485627561"}}
{"logTime": "0212/123825", "correlationVector":"L4ac0s9h12RPg0MHEgQR3h.6","action":"GetUpdates", "result":"DeleteReceived", "context":{"id":"5c1468de-d478-4869-9e89-da2a809e758a", "isDeleted:":"true", "version":"1688485627562"}}
{"logTime": "0212/123825", "correlationVector":"L4ac0s9h12RPg0MHEgQR3h.7","action":"GetUpdates", "result":"DeleteReceived", "context":{"id":"3e838877-952c-4499-bb84-b20a79193db5", "isDeleted:":"true", "version":"1688485627563"}}
{"logTime": "0212/123825", "correlationVector":"L4ac0s9h12RPg0MHEgQR3h.8","action":"GetUpdates", "result":"DeleteReceived", "context":{"id":"1cda9407-608b-40d8-9582-81e44c960f9a", "isDeleted:":"true", "version":"1688485627564"}}
{"logTime": "0212/123825", "correlationVector":"L4ac0s9h12RPg0MHEgQR3h.9","action":"GetUpdates", "result":"DeleteReceived", "context":{"id":"fe647b48-98d3-4d71-8aa7-eadcfbc35926", "isDeleted:":"true", "version":"1688485627565"}}
{"logTime": "0212/123825", "correlationVector":"L4ac0s9h12RPg0MHEgQR3h.10","action":"GetUpdates", "result":"DeleteReceived", "context":{"id":"cea93142-0b91-4f48-9925-33539b15d504", "isDeleted:":"true", "version":"1688485627566"}}
{"logTime": "0212/123825", "correlationVector":"L4ac0s9h12RPg0MHEgQR3h.11","action":"GetUpdates", "result":"DeleteReceived", "context":{"id":"5462169f-295a-497a-9d0d-a7b45fdf8f01", "isDeleted:":"true", "version":"1688485627567"}}
{"logTime": "0212/123825", "correlationVector":"L4ac0s9h12RPg0MHEgQR3h.12","action":"GetUpdates", "result":"DeleteReceived", "context":{"id":"9fe7aac9-a843-4cbf-b31b-aff1f3554dbb", "isDeleted:":"true", "version":"1688485627568"}}
{"logTime": "0212/123825", "correlationVector":"L4ac0s9h12RPg0MHEgQR3h.13","action":"GetUpdates", "result":"DeleteReceived", "context":{"id":"871054f3-ca0f-4fc3-82dc-4f07dffb601b", "isDeleted:":"true", "version":"1688485627569"}}
{"logTime": "0212/123825", "correlationVector":"L4ac0s9h12RPg0MHEgQR3h.14","action":"GetUpdates", "result":"DeleteReceived", "context":{"id":"ac53c856-902d-48f4-963a-f3ea19d0c329", "isDeleted:":"true", "version":"1688485627570"}}
{"logTime": "0212/123825", "correlationVector":"L4ac0s9h12RPg0MHEgQR3h.15","action":"GetUpdates", "result":"DeleteReceived", "context":{"id":"a491422f-8e8d-4db1-8e0c-00cbe3e31218", "isDeleted:":"true", "version":"1688485627571"}}
{"logTime": "0212/123825", "correlationVector":"L4ac0s9h12RPg0MHEgQR3h.16","action":"GetUpdates", "result":"DeleteReceived", "context":{"id":"4c296a04-0548-4362-9d10-de2c49f9ef9f", "isDeleted:":"true", "version":"1688485627572"}}
{"logTime": "0212/123825", "correlationVector":"L4ac0s9h12RPg0MHEgQR3h.17","action":"GetUpdates", "result":"DeleteReceived", "context":{"id":"a90c89a4-2e05-4dfa-917a-763b5248fbc7", "isDeleted:":"true", "version":"1688485629135"}}
{"logTime": "0212/123825", "correlationVector":"L4ac0s9h12RPg0MHEgQR3h.18","action":"GetUpdates", "result":"DeleteReceived", "context":{"id":"051cd8e7-9ac6-454b-b8b6-356df986399d", "isDeleted:":"true", "version":"1688485629136"}}
{"logTime": "0212/123825", "correlationVector":"L4ac0s9h12RPg0MHEgQR3h.19","action":"GetUpdates", "result":"DeleteReceived", "context":{"id":"df86f781-ece0-4634-b6d4-d3295c47ed14", "isDeleted:":"true", "version":"1688485629137"}}
{"logTime": "0212/123825", "correlationVector":"L4ac0s9h12RPg0MHEgQR3h.20","action":"GetUpdates", "result":"DeleteReceived", "context":{"id":"2756f740-9356-47a1-8a57-94b292ced9ec", "isDeleted:":"true", "version":"1688485629138"}}
{"logTime": "0212/123825", "correlationVector":"L4ac0s9h12RPg0MHEgQR3h.21","action":"GetUpdates", "result":"DeleteReceived", "context":{"id":"88ea292f-900b-4b80-92c8-507e0133ed8c", "isDeleted:":"true", "version":"1688485629139"}}
{"logTime": "0212/123825", "correlationVector":"L4ac0s9h12RPg0MHEgQR3h.22","action":"GetUpdates", "result":"DeleteReceived", "context":{"id":"82072e67-287c-4e12-b802-c9e39d31e4e0", "isDeleted:":"true", "version":"1688485629140"}}
{"logTime": "0212/123825", "correlationVector":"L4ac0s9h12RPg0MHEgQR3h.23","action":"GetUpdates", "result":"DeleteReceived", "context":{"id":"085fb87b-f606-40ab-92aa-19228216ded3", "isDeleted:":"true", "version":"1688485629141"}}
{"logTime": "0212/123825", "correlationVector":"L4ac0s9h12RPg0MHEgQR3h.24","action":"GetUpdates", "result":"DeleteReceived", "context":{"id":"36e97138-d3ce-462e-bba8-c8aaab4b8e6e", "isDeleted:":"true", "version":"1688485629142"}}
{"logTime": "0212/123825", "correlationVector":"L4ac0s9h12RPg0MHEgQR3h.25","action":"GetUpdates", "result":"DeleteReceived", "context":{"id":"837fd178-a596-4100-a0e0-58a992001422", "isDeleted:":"true", "version":"1688485629143"}}
{"logTime": "0212/123825", "correlationVector":"L4ac0s9h12RPg0MHEgQR3h.26","action":"GetUpdates", "result":"DeleteReceived", "context":{"id":"ba363551-d325-4de3-908e-ada9705cf8b7", "isDeleted:":"true", "version":"1688485629144"}}
{"logTime": "0212/123825", "correlationVector":"L4ac0s9h12RPg0MHEgQR3h.27","action":"GetUpdates", "result":"DeleteReceived", "context":{"id":"2cc9e1c9-89e7-4f23-9375-129ad9774067", "isDeleted:":"true", "version":"1688485629145"}}
{"logTime": "0212/123825", "correlationVector":"L4ac0s9h12RPg0MHEgQR3h.28","action":"GetUpdates", "result":"DeleteReceived", "context":{"id":"d7e855d1-a5a1-416d-93a7-129f7efe965a", "isDeleted:":"true", "version":"1688485629146"}}
{"logTime": "0212/123825", "correlationVector":"L4ac0s9h12RPg0MHEgQR3h.29","action":"GetUpdates", "result":"DeleteReceived", "context":{"id":"383a9f1d-06d9-4226-8f83-b84ea3fcef9f", "isDeleted:":"true", "version":"1688485629147"}}
{"logTime": "0212/123825", "correlationVector":"L4ac0s9h12RPg0MHEgQR3h.30","action":"GetUpdates", "result":"DeleteReceived", "context":{"id":"c6ec9191-2eb1-4847-a07b-8474a2ba8938", "isDeleted:":"true", "version":"1688485629148"}}
{"logTime": "0212/123825", "correlationVector":"L4ac0s9h12RPg0MHEgQR3h.31","action":"GetUpdates", "result":"DeleteReceived", "context":{"id":"d768ae3e-1115-4bd3-8fc8-36ed0c6cb146", "isDeleted:":"true", "version":"1688485629149"}}
{"logTime": "0212/123825", "correlationVector":"L4ac0s9h12RPg0MHEgQR3h.32","action":"GetUpdates", "result":"DeleteReceived", "context":{"id":"532d0191-97ad-4040-87c0-54e9fdb8d14c", "isDeleted:":"true", "version":"1688485629150"}}
{"logTime": "0212/123825", "correlationVector":"L4ac0s9h12RPg0MHEgQR3h.33","action":"GetUpdates", "result":"DeleteReceived", "context":{"id":"bacbae30-83cb-4ec0-815e-ae815e8c1971", "isDeleted:":"true", "version":"1688485629151"}}
{"logTime": "0212/123825", "correlationVector":"L4ac0s9h12RPg0MHEgQR3h.34","action":"GetUpdates", "result":"DeleteReceived", "context":{"id":"7249b904-155c-4eaf-b149-1655a7d2b483", "isDeleted:":"true", "version":"1688485629152"}}
{"logTime": "0212/123825", "correlationVector":"L4ac0s9h12RPg0MHEgQR3h.35","action":"GetUpdates", "result":"DeleteReceived", "context":{"id":"f934ac91-aa70-4da8-b07f-b11944dfa424", "isDeleted:":"true", "version":"1688485629153"}}
{"logTime": "0212/123825", "correlationVector":"L4ac0s9h12RPg0MHEgQR3h.36","action":"GetUpdates", "result":"DeleteReceived", "context":{"id":"a319c543-be92-48f3-8e91-2a9bca10f745", "isDeleted:":"true", "version":"1688485629154"}}
{"logTime": "0212/123825", "correlationVector":"L4ac0s9h12RPg0MHEgQR3h.37","action":"GetUpdates", "result":"DeleteReceived", "context":{"id":"bf6dacbd-c080-470f-8663-6acd80e91ec3", "isDeleted:":"true", "version":"1701443203024"}}
{"logTime": "0212/123825", "correlationVector":"L4ac0s9h12RPg0MHEgQR3h.38","action":"GetUpdates Response", "result":"SYNCER_OK", "context":Received 88 update(s). cV=L4ac0s9h12RPg0MHEgQR3h.0;server=GENERAL0300002A;cloudType=Consumer;environment=Prod_SoutheastAsia_000j;migrationStage=NotStarted}
{"logTime": "0212/123825", "correlationVector":"UpHQcRsX96zCqmgbq+Zy96","action":"Normal GetUpdate request", "result":"", "context":cV=UpHQcRsX96zCqmgbq+Zy96
Nudged types: Sessions
Refresh requested types: Bookmarks, Preferences, Passwords, Autofill Profiles, Autofill, Autofill Custom Data, Typed URLs, Extensions, Sessions, Extension settings, History Delete Directives, Device Info, User Consents, Send Tab To Self, Web Apps, Collection, Edge E Drop, Edge Hub App Usage, Edge Wallet, Encryption Keys}
{"logTime": "0212/123825", "correlationVector":"UpHQcRsX96zCqmgbq+Zy96.1","action":"SyncServerConnectionManagerRequest", "result":"SYNC_SERVER_OK", "context":{"environment":"Prod_SoutheastAsia_000j", "migrationStage":"NotStarted", "server":"GENERAL03000012"}}
{"logTime": "0212/123825", "correlationVector":"UpHQcRsX96zCqmgbq+Zy96.2","action":"GetUpdates Response", "result":"SYNCER_OK", "context":Received 1 update(s). cV=UpHQcRsX96zCqmgbq+Zy96.0;server=GENERAL03000012;cloudType=Consumer;environment=Prod_SoutheastAsia_000j;migrationStage=NotStarted}
{"logTime": "0212/123825", "correlationVector":"QedZaTIiACl0iGtgrcYWFP","action":"Commit Request", "result":"", "context":Item count: 3
Contributing types: Sessions}
{"logTime": "0212/123825", "correlationVector":"QedZaTIiACl0iGtgrcYWFP.1","action":"SyncServerConnectionManagerRequest", "result":"SYNC_SERVER_OK", "context":{"environment":"Prod_SoutheastAsia_000j", "migrationStage":"NotStarted", "server":"GENERAL0100000E"}}
{"logTime": "0212/123825", "correlationVector":"QedZaTIiACl0iGtgrcYWFP.3","action":"Commit.Sessions", "result":"Success", "context":{"id":"4bb9797d-3a1b-4b05-bf18-51d0fa53b6bb", "isDeleted":"true", "size":"0", "version":"1707741181659"}}
{"logTime": "0212/123825", "correlationVector":"QedZaTIiACl0iGtgrcYWFP.2","action":"Commit Response", "result":"SYNCER_OK", "context":Result: SYNCER_OK. cV=QedZaTIiACl0iGtgrcYWFP.0;server=GENERAL0100000E;cloudType=Consumer;environment=Prod_SoutheastAsia_000j;migrationStage=NotStarted}
{"logTime": "0212/123836", "correlationVector":"s4Ivzqh9EbKrMVxqGdLFH1","action":"SyncServerConnectionManagerRequest", "result":"SYNC_SERVER_OK", "context":{"environment":"", "migrationStage":"", "server":""}}
{"logTime": "0212/123836", "correlationVector":"uCeU90VwhjksOerv5A7JBq","action":"Normal GetUpdate request", "result":"", "context":cV=uCeU90VwhjksOerv5A7JBq
Nudged types: Sessions}
{"logTime": "0212/123837", "correlationVector":"uCeU90VwhjksOerv5A7JBq.1","action":"SyncServerConnectionManagerRequest", "result":"SYNC_SERVER_OK", "context":{"environment":"Prod_SoutheastAsia_000j", "migrationStage":"NotStarted", "server":"GENERAL03000017"}}
{"logTime": "0212/123837", "correlationVector":"uCeU90VwhjksOerv5A7JBq.2","action":"GetUpdates", "result":"DeleteReceived", "context":{"id":"4bb9797d-3a1b-4b05-bf18-51d0fa53b6bb", "isDeleted:":"true", "version":"1707741486938"}}
{"logTime": "0212/123837", "correlationVector":"uCeU90VwhjksOerv5A7JBq.3","action":"GetUpdates Response", "result":"SYNCER_OK", "context":Received 3 update(s). cV=uCeU90VwhjksOerv5A7JBq.0;server=GENERAL03000017;cloudType=Consumer;environment=Prod_SoutheastAsia_000j;migrationStage=NotStarted}
{"logTime": "0212/123837", "correlationVector":"yKgsGpndcTFfeShkGtFN0I","action":"Commit Request", "result":"", "context":Item count: 1
Contributing types: Sessions}
{"logTime": "0212/123838", "correlationVector":"yKgsGpndcTFfeShkGtFN0I.1","action":"SyncServerConnectionManagerRequest", "result":"SYNC_SERVER_OK", "context":{"environment":"Prod_SoutheastAsia_000j", "migrationStage":"NotStarted", "server":"GENERAL01000014"}}
{"logTime": "0212/123838", "correlationVector":"yKgsGpndcTFfeShkGtFN0I.2","action":"Commit Response", "result":"SYNCER_OK", "context":Result: SYNCER_OK. cV=yKgsGpndcTFfeShkGtFN0I.0;server=GENERAL01000014;cloudType=Consumer;environment=Prod_SoutheastAsia_000j;migrationStage=NotStarted}
{"logTime": "0212/123838", "correlationVector":"lfeBEItEMS+QbPjEkHXlE6","action":"Normal GetUpdate request", "result":"", "context":cV=lfeBEItEMS+QbPjEkHXlE6
Nudged types: Sessions
Refresh requested types: Bookmarks, Preferences, Passwords, Autofill Profiles, Autofill, Autofill Custom Data, Typed URLs, Extensions, Sessions, Extension settings, History Delete Directives, Device Info, User Consents, Send Tab To Self, Web Apps, Collection, Edge E Drop, Edge Hub App Usage, Edge Wallet, Encryption Keys}
{"logTime": "0212/123839", "correlationVector":"lfeBEItEMS+QbPjEkHXlE6.1","action":"SyncServerConnectionManagerRequest", "result":"SYNC_SERVER_OK", "context":{"environment":"Prod_SoutheastAsia_000j", "migrationStage":"NotStarted", "server":"GENERAL0100000A"}}
{"logTime": "0212/123839", "correlationVector":"lfeBEItEMS+QbPjEkHXlE6.2","action":"GetUpdates Response", "result":"SYNCER_OK", "context":Received 1 update(s). cV=lfeBEItEMS+QbPjEkHXlE6.0;server=GENERAL0100000A;cloudType=Consumer;environment=Prod_SoutheastAsia_000j;migrationStage=NotStarted}
